#
# There is insufficient memory for the Java Runtime Environment to continue.
# Native memory allocation (mmap) failed to map 141557760 bytes for committing reserved memory.
# Possible reasons:
#   The system is out of physical RAM or swap space
#   In 32 bit mode, the process size limit was hit
# Possible solutions:
#   Reduce memory load on the system
#   Increase physical memory or swap space
#   Check if swap backing store is full
#   Use 64 bit Java on a 64 bit OS
#   Decrease Java heap size (-Xmx/-Xms)
#   Decrease number of Java threads
#   Decrease Java thread stack sizes (-Xss)
#   Set larger code cache with -XX:ReservedCodeCacheSize=
# This output file may be truncated or incomplete.
#
#  Out of Memory Error (os_linux.cpp:2627), pid=12477, tid=140513114953472
#
# JRE version: Java(TM) SE Runtime Environment (8.0_65-b17) (build 1.8.0_65-b17)
# Java VM: Java HotSpot(TM) 64-Bit Server VM (25.65-b01 mixed mode linux-amd64 compressed oops)
# Failed to write core dump. Core dumps have been disabled. To enable core dumping, try "ulimit -c unlimited" before starting Java again
#

---------------  T H R E A D  ---------------

Current thread (0x00007fcbd4078000):  VMThread [stack: 0x00007fcbc23d9000,0x00007fcbc24da000] [id=12510]

Stack: [0x00007fcbc23d9000,0x00007fcbc24da000],  sp=0x00007fcbc24d8260,  free space=1020k
Native frames: (J=compiled Java code, j=interpreted, Vv=VM code, C=native code)
V  [libjvm.so+0xab97ea]  VMError::report_and_die()+0x2ba
V  [libjvm.so+0x4f9dcb]  report_vm_out_of_memory(char const*, int, unsigned long, VMErrorType, char const*)+0x8b
V  [libjvm.so+0x91a7c3]  os::Linux::commit_memory_impl(char*, unsigned long, bool)+0x103
V  [libjvm.so+0x91ad19]  os::pd_commit_memory(char*, unsigned long, unsigned long, bool)+0x29
V  [libjvm.so+0x91502a]  os::commit_memory(char*, unsigned long, unsigned long, bool)+0x2a
V  [libjvm.so+0x9886d3]  PSVirtualSpace::expand_by(unsigned long)+0x53
V  [libjvm.so+0x989ad8]  PSYoungGen::resize_generation(unsigned long, unsigned long)+0xf8
V  [libjvm.so+0x988c32]  PSYoungGen::resize(unsigned long, unsigned long)+0x22
V  [libjvm.so+0x985f0b]  PSScavenge::invoke_no_policy()+0xf3b
V  [libjvm.so+0x986691]  PSScavenge::invoke()+0x41
V  [libjvm.so+0x93e430]  ParallelScavengeHeap::failed_mem_allocate(unsigned long)+0x70
V  [libjvm.so+0xabb207]  VM_ParallelGCFailedAllocation::doit()+0x97
V  [libjvm.so+0xac2c35]  VM_Operation::evaluate()+0x55
V  [libjvm.so+0xac100a]  VMThread::evaluate_operation(VM_Operation*)+0xba
V  [libjvm.so+0xac138e]  VMThread::loop()+0x1ce
V  [libjvm.so+0xac1800]  VMThread::run()+0x70
V  [libjvm.so+0x91cb88]  java_start(Thread*)+0x108

VM_Operation (0x00007fcbc17d4cb0): ParallelGCFailedAllocation, mode: safepoint, requested by thread 0x00007fcbd4140800


---------------  P R O C E S S  ---------------

Java Threads: ( => current thread )
  0x00007fcbd4143000 JavaThread "pool-2-thread-1" [_thread_blocked, id=12561, stack(0x00007fcbc15d5000,0x00007fcbc16d6000)]
  0x00007fcbd4140800 JavaThread "pool-1-thread-1" [_thread_blocked, id=12559, stack(0x00007fcbc16d6000,0x00007fcbc17d7000)]
  0x00007fcbd40c2800 JavaThread "Service Thread" daemon [_thread_blocked, id=12543, stack(0x00007fcbc18d8000,0x00007fcbc19d9000)]
  0x00007fcbd40bd000 JavaThread "C1 CompilerThread2" daemon [_thread_blocked, id=12541, stack(0x00007fcbc19d9000,0x00007fcbc1ada000)]
  0x00007fcbd40bb800 JavaThread "C2 CompilerThread1" daemon [_thread_in_native, id=12540, stack(0x00007fcbc1ada000,0x00007fcbc1bdb000)]
  0x00007fcbd40b8800 JavaThread "C2 CompilerThread0" daemon [_thread_blocked, id=12534, stack(0x00007fcbc1bdb000,0x00007fcbc1cdc000)]
  0x00007fcbd40b7000 JavaThread "Signal Dispatcher" daemon [_thread_blocked, id=12530, stack(0x00007fcbc1cdc000,0x00007fcbc1ddd000)]
  0x00007fcbd407f000 JavaThread "Finalizer" daemon [_thread_blocked, id=12519, stack(0x00007fcbc21d7000,0x00007fcbc22d8000)]
  0x00007fcbd407d000 JavaThread "Reference Handler" daemon [_thread_blocked, id=12515, stack(0x00007fcbc22d8000,0x00007fcbc23d9000)]
  0x00007fcbd400a000 JavaThread "main" [_thread_blocked, id=12483, stack(0x00007fcbd9eaf000,0x00007fcbd9fb0000)]

Other Threads:
=>0x00007fcbd4078000 VMThread [stack: 0x00007fcbc23d9000,0x00007fcbc24da000] [id=12510]
  0x00007fcbd40c5800 WatcherThread [stack: 0x00007fcbc17d7000,0x00007fcbc18d8000] [id=12544]

VM state:at safepoint (normal execution)

VM Mutex/Monitor currently owned by a thread:  ([mutex/lock_event])
[0x00007fcbd40064d0] Threads_lock - owner thread: 0x00007fcbd4078000
[0x00007fcbd40069d0] Heap_lock - owner thread: 0x00007fcbd4140800

Heap:
 PSYoungGen      total 136192K, used 14317K [0x00000000eab00000, 0x00000000f3f00000, 0x0000000100000000)
  eden space 121856K, 0% used [0x00000000eab00000,0x00000000eab00000,0x00000000f2200000)
  from space 14336K, 99% used [0x00000000f2200000,0x00000000f2ffb4c8,0x00000000f3000000)
  to   space 13312K, 0% used [0x00000000f3000000,0x00000000f3000000,0x00000000f3d00000)
 ParOldGen       total 40960K, used 34387K [0x00000000c0000000, 0x00000000c2800000, 0x00000000eab00000)
  object space 40960K, 83% used [0x00000000c0000000,0x00000000c2194ce0,0x00000000c2800000)
 Metaspace       used 6253K, capacity 7128K, committed 7424K, reserved 1056768K
  class space    used 614K, capacity 656K, committed 768K, reserved 1048576K

Card table byte_map: [0x00007fcbc39a6000,0x00007fcbc3ba7000] byte_map_base: 0x00007fcbc33a6000

Marking Bits: (ParMarkBitMap*) 0x00007fcbd938cde0
 Begin Bits: [0x00007fcbba000000, 0x00007fcbbb000000)
 End Bits:   [0x00007fcbbb000000, 0x00007fcbbc000000)

Polling page: 0x00007fcbd9fd4000

CodeCache: size=245760Kb used=6451Kb max_used=6451Kb free=239308Kb
 bounds [0x00007fcbc3f67000, 0x00007fcbc45c7000, 0x00007fcbd2f67000]
 total_blobs=1900 nmethods=1632 adapters=182
 compilation: enabled

Compilation events (10 events):
Event: 6.980 Thread 0x00007fcbd40bd000 1964       2       com.android.dx.rop.code.ThrowingInsn::<init> (49 bytes)
Event: 6.980 Thread 0x00007fcbd40bd000 nmethod 1964 0x00007fcbc45b44d0 code [0x00007fcbc45b4660, 0x00007fcbc45b4988]
Event: 6.981 Thread 0x00007fcbd40bd000 1965       2       java.util.Collections$UnmodifiableList::get (11 bytes)
Event: 6.981 Thread 0x00007fcbd40bd000 nmethod 1965 0x00007fcbc45b4b50 code [0x00007fcbc45b4cc0, 0x00007fcbc45b4e48]
Event: 6.983 Thread 0x00007fcbd40bd000 1966       2       com.android.dx.ssa.back.FirstFitLocalCombiningAllocator::processPhiInsn (255 bytes)
Event: 6.985 Thread 0x00007fcbd40bd000 nmethod 1966 0x00007fcbc45b4ed0 code [0x00007fcbc45b5180, 0x00007fcbc45b5cf8]
Event: 6.992 Thread 0x00007fcbd40bd000 1967       2       com.android.dx.rop.code.ThrowingInsn::withNewRegisters (21 bytes)
Event: 6.992 Thread 0x00007fcbd40bd000 nmethod 1967 0x00007fcbc45b6dd0 code [0x00007fcbc45b6f40, 0x00007fcbc45b7128]
Event: 7.004 Thread 0x00007fcbd40bd000 1968       1       com.android.dx.ssa.LiteralOpUpgrader$1::visitPhiInsn (1 bytes)
Event: 7.004 Thread 0x00007fcbd40bd000 nmethod 1968 0x00007fcbc45b71d0 code [0x00007fcbc45b7320, 0x00007fcbc45b7430]

GC Heap History (10 events):
Event: 2.108 GC heap after
Heap after GC invocations=2 (full 0):
 PSYoungGen      total 33280K, used 2535K [0x00000000eab00000, 0x00000000ece00000, 0x0000000100000000)
  eden space 30720K, 0% used [0x00000000eab00000,0x00000000eab00000,0x00000000ec900000)
  from space 2560K, 99% used [0x00000000ecb80000,0x00000000ecdf9c68,0x00000000ece00000)
  to   space 2560K, 0% used [0x00000000ec900000,0x00000000ec900000,0x00000000ecb80000)
 ParOldGen       total 40960K, used 2509K [0x00000000c0000000, 0x00000000c2800000, 0x00000000eab00000)
  object space 40960K, 6% used [0x00000000c0000000,0x00000000c0273788,0x00000000c2800000)
 Metaspace       used 5764K, capacity 6768K, committed 7040K, reserved 1056768K
  class space    used 592K, capacity 616K, committed 640K, reserved 1048576K
}
Event: 3.073 GC heap before
{Heap before GC invocations=3 (full 0):
 PSYoungGen      total 33280K, used 33255K [0x00000000eab00000, 0x00000000ece00000, 0x0000000100000000)
  eden space 30720K, 100% used [0x00000000eab00000,0x00000000ec900000,0x00000000ec900000)
  from space 2560K, 99% used [0x00000000ecb80000,0x00000000ecdf9c68,0x00000000ece00000)
  to   space 2560K, 0% used [0x00000000ec900000,0x00000000ec900000,0x00000000ecb80000)
 ParOldGen       total 40960K, used 2509K [0x00000000c0000000, 0x00000000c2800000, 0x00000000eab00000)
  object space 40960K, 6% used [0x00000000c0000000,0x00000000c0273788,0x00000000c2800000)
 Metaspace       used 5820K, capacity 6832K, committed 7040K, reserved 1056768K
  class space    used 592K, capacity 616K, committed 640K, reserved 1048576K
Event: 3.134 GC heap after
Heap after GC invocations=3 (full 0):
 PSYoungGen      total 33280K, used 2550K [0x00000000eab00000, 0x00000000eec00000, 0x0000000100000000)
  eden space 30720K, 0% used [0x00000000eab00000,0x00000000eab00000,0x00000000ec900000)
  from space 2560K, 99% used [0x00000000ec900000,0x00000000ecb7db40,0x00000000ecb80000)
  to   space 2560K, 0% used [0x00000000ee980000,0x00000000ee980000,0x00000000eec00000)
 ParOldGen       total 40960K, used 7601K [0x00000000c0000000, 0x00000000c2800000, 0x00000000eab00000)
  object space 40960K, 18% used [0x00000000c0000000,0x00000000c076c538,0x00000000c2800000)
 Metaspace       used 5820K, capacity 6832K, committed 7040K, reserved 1056768K
  class space    used 592K, capacity 616K, committed 640K, reserved 1048576K
}
Event: 3.624 GC heap before
{Heap before GC invocations=4 (full 0):
 PSYoungGen      total 33280K, used 33270K [0x00000000eab00000, 0x00000000eec00000, 0x0000000100000000)
  eden space 30720K, 100% used [0x00000000eab00000,0x00000000ec900000,0x00000000ec900000)
  from space 2560K, 99% used [0x00000000ec900000,0x00000000ecb7db40,0x00000000ecb80000)
  to   space 2560K, 0% used [0x00000000ee980000,0x00000000ee980000,0x00000000eec00000)
 ParOldGen       total 40960K, used 7601K [0x00000000c0000000, 0x00000000c2800000, 0x00000000eab00000)
  object space 40960K, 18% used [0x00000000c0000000,0x00000000c076c538,0x00000000c2800000)
 Metaspace       used 5878K, capacity 6896K, committed 7040K, reserved 1056768K
  class space    used 592K, capacity 616K, committed 640K, reserved 1048576K
Event: 3.659 GC heap after
Heap after GC invocations=4 (full 0):
 PSYoungGen      total 64000K, used 2550K [0x00000000eab00000, 0x00000000eec00000, 0x0000000100000000)
  eden space 61440K, 0% used [0x00000000eab00000,0x00000000eab00000,0x00000000ee700000)
  from space 2560K, 99% used [0x00000000ee980000,0x00000000eebfdb40,0x00000000eec00000)
  to   space 2560K, 0% used [0x00000000ee700000,0x00000000ee700000,0x00000000ee980000)
 ParOldGen       total 40960K, used 12431K [0x00000000c0000000, 0x00000000c2800000, 0x00000000eab00000)
  object space 40960K, 30% used [0x00000000c0000000,0x00000000c0c23e60,0x00000000c2800000)
 Metaspace       used 5878K, capacity 6896K, committed 7040K, reserved 1056768K
  class space    used 592K, capacity 616K, committed 640K, reserved 1048576K
}
Event: 4.570 GC heap before
{Heap before GC invocations=5 (full 0):
 PSYoungGen      total 64000K, used 63990K [0x00000000eab00000, 0x00000000eec00000, 0x0000000100000000)
  eden space 61440K, 100% used [0x00000000eab00000,0x00000000ee700000,0x00000000ee700000)
  from space 2560K, 99% used [0x00000000ee980000,0x00000000eebfdb40,0x00000000eec00000)
  to   space 2560K, 0% used [0x00000000ee700000,0x00000000ee700000,0x00000000ee980000)
 ParOldGen       total 40960K, used 12431K [0x00000000c0000000, 0x00000000c2800000, 0x00000000eab00000)
  object space 40960K, 30% used [0x00000000c0000000,0x00000000c0c23e60,0x00000000c2800000)
 Metaspace       used 6020K, capacity 6936K, committed 7168K, reserved 1056768K
  class space    used 613K, capacity 656K, committed 768K, reserved 1048576K
Event: 4.630 GC heap after
Heap after GC invocations=5 (full 0):
 PSYoungGen      total 64000K, used 2539K [0x00000000eab00000, 0x00000000f3d00000, 0x0000000100000000)
  eden space 61440K, 0% used [0x00000000eab00000,0x00000000eab00000,0x00000000ee700000)
  from space 2560K, 99% used [0x00000000ee700000,0x00000000ee97ad10,0x00000000ee980000)
  to   space 13312K, 0% used [0x00000000f3000000,0x00000000f3000000,0x00000000f3d00000)
 ParOldGen       total 40960K, used 22075K [0x00000000c0000000, 0x00000000c2800000, 0x00000000eab00000)
  object space 40960K, 53% used [0x00000000c0000000,0x00000000c158ecb8,0x00000000c2800000)
 Metaspace       used 6020K, capacity 6936K, committed 7168K, reserved 1056768K
  class space    used 613K, capacity 656K, committed 768K, reserved 1048576K
}
Event: 5.525 GC heap before
{Heap before GC invocations=6 (full 0):
 PSYoungGen      total 64000K, used 63979K [0x00000000eab00000, 0x00000000f3d00000, 0x0000000100000000)
  eden space 61440K, 100% used [0x00000000eab00000,0x00000000ee700000,0x00000000ee700000)
  from space 2560K, 99% used [0x00000000ee700000,0x00000000ee97ad10,0x00000000ee980000)
  to   space 13312K, 0% used [0x00000000f3000000,0x00000000f3000000,0x00000000f3d00000)
 ParOldGen       total 40960K, used 22075K [0x00000000c0000000, 0x00000000c2800000, 0x00000000eab00000)
  object space 40960K, 53% used [0x00000000c0000000,0x00000000c158ecb8,0x00000000c2800000)
 Metaspace       used 6088K, capacity 7000K, committed 7168K, reserved 1056768K
  class space    used 613K, capacity 656K, committed 768K, reserved 1048576K
Event: 5.585 GC heap after
Heap after GC invocations=6 (full 0):
 PSYoungGen      total 135168K, used 10954K [0x00000000eab00000, 0x00000000f3f00000, 0x0000000100000000)
  eden space 121856K, 0% used [0x00000000eab00000,0x00000000eab00000,0x00000000f2200000)
  from space 13312K, 82% used [0x00000000f3000000,0x00000000f3ab2bf0,0x00000000f3d00000)
  to   space 14336K, 0% used [0x00000000f2200000,0x00000000f2200000,0x00000000f3000000)
 ParOldGen       total 40960K, used 22075K [0x00000000c0000000, 0x00000000c2800000, 0x00000000eab00000)
  object space 40960K, 53% used [0x00000000c0000000,0x00000000c158ecb8,0x00000000c2800000)
 Metaspace       used 6088K, capacity 7000K, committed 7168K, reserved 1056768K
  class space    used 613K, capacity 656K, committed 768K, reserved 1048576K
}
Event: 7.006 GC heap before
{Heap before GC invocations=7 (full 0):
 PSYoungGen      total 135168K, used 132810K [0x00000000eab00000, 0x00000000f3f00000, 0x0000000100000000)
  eden space 121856K, 100% used [0x00000000eab00000,0x00000000f2200000,0x00000000f2200000)
  from space 13312K, 82% used [0x00000000f3000000,0x00000000f3ab2bf0,0x00000000f3d00000)
  to   space 14336K, 0% used [0x00000000f2200000,0x00000000f2200000,0x00000000f3000000)
 ParOldGen       total 40960K, used 22075K [0x00000000c0000000, 0x00000000c2800000, 0x00000000eab00000)
  object space 40960K, 53% used [0x00000000c0000000,0x00000000c158ecb8,0x00000000c2800000)
 Metaspace       used 6253K, capacity 7128K, committed 7424K, reserved 1056768K
  class space    used 614K, capacity 656K, committed 768K, reserved 1048576K

Deoptimization events (10 events):
Event: 3.550 Thread 0x00007fcbd4144800 Uncommon trap: reason=unstable_if action=reinterpret pc=0x00007fcbc42dcc50 method=com.android.dx.ssa.SsaRenamer$BlockRenamer.visitMoveInsn(Lcom/android/dx/ssa/NormalSsaInsn;)V @ 104
Event: 3.684 Thread 0x00007fcbd400a000 Uncommon trap: reason=unstable_if action=reinterpret pc=0x00007fcbc42ffdfc method=com.android.dx.ssa.SsaMethod.updateOneDefinition(Lcom/android/dx/ssa/SsaInsn;Lcom/android/dx/rop/code/RegisterSpec;)V @ 4
Event: 3.754 Thread 0x00007fcbd4146000 Uncommon trap: reason=unstable_if action=reinterpret pc=0x00007fcbc42e9004 method=com.android.dx.util.IntList.binarysearch(I)I @ 105
Event: 3.818 Thread 0x00007fcbd400a000 Uncommon trap: reason=unstable_if action=reinterpret pc=0x00007fcbc4216efc method=java.util.HashMap.putVal(ILjava/lang/Object;Ljava/lang/Object;ZZ)Ljava/lang/Object; @ 162
Event: 3.870 Thread 0x00007fcbd400a000 Uncommon trap: reason=unstable_if action=reinterpret pc=0x00007fcbc42a232c method=java.util.HashMap.getNode(ILjava/lang/Object;)Ljava/util/HashMap$Node; @ 84
Event: 3.874 Thread 0x00007fcbd4144800 Uncommon trap: reason=unstable_if action=reinterpret pc=0x00007fcbc41911b4 method=java.util.HashMap.getNode(ILjava/lang/Object;)Ljava/util/HashMap$Node; @ 84
Event: 4.852 Thread 0x00007fcbd4146000 Uncommon trap: reason=unstable_if action=reinterpret pc=0x00007fcbc432eddc method=java.util.HashMap.putVal(ILjava/lang/Object;Ljava/lang/Object;ZZ)Ljava/lang/Object; @ 109
Event: 5.099 Thread 0x00007fcbd4144800 Uncommon trap: reason=unstable_if action=reinterpret pc=0x00007fcbc4428ed8 method=com.android.dx.ssa.SCCP.simulateStmt(Lcom/android/dx/ssa/SsaInsn;)V @ 59
Event: 5.405 Thread 0x00007fcbd4146000 Uncommon trap: reason=bimorphic action=maybe_recompile pc=0x00007fcbc44a7f24 method=com.android.dx.ssa.LiteralOpUpgrader.tryReplacingWithConstant(Lcom/android/dx/ssa/NormalSsaInsn;)Z @ 62
Event: 6.400 Thread 0x00007fcbd4140800 Uncommon trap: reason=unstable_if action=reinterpret pc=0x00007fcbc42f4110 method=com.android.dx.dex.code.OutputFinisher.hasLocalInfo(Lcom/android/dx/dex/code/DalvInsn;)Z @ 24

Internal exceptions (6 events):
Event: 0.115 Thread 0x00007fcbd400a000 Exception <a 'java/lang/NoSuchMethodError': Method sun.misc.Unsafe.defineClass(Ljava/lang/String;[BII)Ljava/lang/Class; name or signature does not match> (0x00000000eab12b98) thrown at [/HUDSON/workspace/8-2-build-linux-amd64/jdk8u65/4987/hotspot/src/shar
Event: 0.115 Thread 0x00007fcbd400a000 Exception <a 'java/lang/NoSuchMethodError': Method sun.misc.Unsafe.prefetchRead(Ljava/lang/Object;J)V name or signature does not match> (0x00000000eab12e80) thrown at [/HUDSON/workspace/8-2-build-linux-amd64/jdk8u65/4987/hotspot/src/share/vm/prims/jni.cpp
Event: 2.369 Thread 0x00007fcbd4144800 Implicit null exception at 0x00007fcbc42207fd to 0x00007fcbc4223745
Event: 3.867 Thread 0x00007fcbd400a000 Exception <a 'java/lang/ArrayIndexOutOfBoundsException': 18> (0x00000000eb5fe340) thrown at [/HUDSON/workspace/8-2-build-linux-amd64/jdk8u65/4987/hotspot/src/share/vm/interpreter/interpreterRuntime.cpp, line 366]
Event: 3.868 Thread 0x00007fcbd400a000 Exception <a 'java/lang/ArrayIndexOutOfBoundsException': 145> (0x00000000eb5ffec0) thrown at [/HUDSON/workspace/8-2-build-linux-amd64/jdk8u65/4987/hotspot/src/share/vm/interpreter/interpreterRuntime.cpp, line 366]
Event: 3.869 Thread 0x00007fcbd400a000 Exception <a 'java/lang/ArrayIndexOutOfBoundsException': 40> (0x00000000eb6011a8) thrown at [/HUDSON/workspace/8-2-build-linux-amd64/jdk8u65/4987/hotspot/src/share/vm/interpreter/interpreterRuntime.cpp, line 366]

Events (10 events):
Event: 6.816 loading class java/util/HashMap$KeyIterator
Event: 6.816 loading class java/util/HashMap$KeyIterator done
Event: 6.818 Thread 0x00007fcbd4147800 Thread exited: 0x00007fcbd4147800
Event: 6.823 Thread 0x00007fcbd4144800 Thread exited: 0x00007fcbd4144800
Event: 6.839 Thread 0x00007fcbd4146000 Thread exited: 0x00007fcbd4146000
Event: 6.912 Thread 0x00007fcbd4140800 DEOPT PACKING pc=0x00007fcbc45a68d8 sp=0x00007fcbc17d4f00
Event: 6.912 Thread 0x00007fcbd4140800 DEOPT UNPACKING pc=0x00007fcbc3fae633 sp=0x00007fcbc17d4ca0 mode 0
Event: 6.961 Thread 0x00007fcbd4140800 DEOPT PACKING pc=0x00007fcbc442094a sp=0x00007fcbc17d52d0
Event: 6.961 Thread 0x00007fcbd4140800 DEOPT UNPACKING pc=0x00007fcbc3fae633 sp=0x00007fcbc17d5080 mode 0
Event: 7.006 Executing VM operation: ParallelGCFailedAllocation


Dynamic libraries:
00400000-00401000 r-xp 00000000 08:03 1709722                            /home/abel/jdk1.8.0_65/bin/java
00600000-00601000 rw-p 00000000 08:03 1709722                            /home/abel/jdk1.8.0_65/bin/java
01cf3000-01d14000 rw-p 00000000 00:00 0                                  [heap]
c0000000-c2800000 rw-p 00000000 00:00 0 
c2800000-eab00000 ---p 00000000 00:00 0 
eab00000-f3f00000 rw-p 00000000 00:00 0 
fc600000-100000000 ---p 00000000 00:00 0 
100000000-1000c0000 rw-p 00000000 00:00 0 
1000c0000-140000000 ---p 00000000 00:00 0 
7fcb6c000000-7fcb6c021000 rw-p 00000000 00:00 0 
7fcb6c021000-7fcb70000000 ---p 00000000 00:00 0 
7fcb74000000-7fcb74021000 rw-p 00000000 00:00 0 
7fcb74021000-7fcb78000000 ---p 00000000 00:00 0 
7fcb78000000-7fcb78024000 rw-p 00000000 00:00 0 
7fcb78024000-7fcb7c000000 ---p 00000000 00:00 0 
7fcb7c000000-7fcb7c039000 rw-p 00000000 00:00 0 
7fcb7c039000-7fcb80000000 ---p 00000000 00:00 0 
7fcb80000000-7fcb80021000 rw-p 00000000 00:00 0 
7fcb80021000-7fcb84000000 ---p 00000000 00:00 0 
7fcb84000000-7fcb84021000 rw-p 00000000 00:00 0 
7fcb84021000-7fcb88000000 ---p 00000000 00:00 0 
7fcb88000000-7fcb88021000 rw-p 00000000 00:00 0 
7fcb88021000-7fcb8c000000 ---p 00000000 00:00 0 
7fcb8c000000-7fcb8c94e000 rw-p 00000000 00:00 0 
7fcb8c94e000-7fcb90000000 ---p 00000000 00:00 0 
7fcb94000000-7fcb94ae2000 rw-p 00000000 00:00 0 
7fcb94ae2000-7fcb98000000 ---p 00000000 00:00 0 
7fcb98000000-7fcb98860000 rw-p 00000000 00:00 0 
7fcb98860000-7fcb9c000000 ---p 00000000 00:00 0 
7fcb9c000000-7fcb9c021000 rw-p 00000000 00:00 0 
7fcb9c021000-7fcba0000000 ---p 00000000 00:00 0 
7fcba0000000-7fcba0021000 rw-p 00000000 00:00 0 
7fcba0021000-7fcba4000000 ---p 00000000 00:00 0 
7fcba4000000-7fcba4294000 rw-p 00000000 00:00 0 
7fcba4294000-7fcba8000000 ---p 00000000 00:00 0 
7fcba8000000-7fcba8021000 rw-p 00000000 00:00 0 
7fcba8021000-7fcbac000000 ---p 00000000 00:00 0 
7fcbac000000-7fcbac021000 rw-p 00000000 00:00 0 
7fcbac021000-7fcbb0000000 ---p 00000000 00:00 0 
7fcbb0000000-7fcbb0021000 rw-p 00000000 00:00 0 
7fcbb0021000-7fcbb4000000 ---p 00000000 00:00 0 
7fcbb4000000-7fcbb4021000 rw-p 00000000 00:00 0 
7fcbb4021000-7fcbb8000000 ---p 00000000 00:00 0 
7fcbb9428000-7fcbb9600000 r--s 03d20000 08:03 1709629                    /home/abel/jdk1.8.0_65/jre/lib/rt.jar
7fcbb9600000-7fcbb9c80000 rw-p 00000000 00:00 0 
7fcbb9c80000-7fcbb9e00000 ---p 00000000 00:00 0 
7fcbb9e00000-7fcbbc000000 rw-p 00000000 00:00 0 
7fcbbc000000-7fcbbc021000 rw-p 00000000 00:00 0 
7fcbbc021000-7fcbc0000000 ---p 00000000 00:00 0 
7fcbc12d2000-7fcbc12d5000 ---p 00000000 00:00 0 
7fcbc12d5000-7fcbc13d3000 rw-p 00000000 00:00 0 
7fcbc13d3000-7fcbc13d6000 ---p 00000000 00:00 0 
7fcbc13d6000-7fcbc14d4000 rw-p 00000000 00:00 0 
7fcbc14d4000-7fcbc14d7000 ---p 00000000 00:00 0 
7fcbc14d7000-7fcbc15d5000 rw-p 00000000 00:00 0 
7fcbc15d5000-7fcbc15d8000 ---p 00000000 00:00 0 
7fcbc15d8000-7fcbc16d6000 rw-p 00000000 00:00 0                          [stack:12561]
7fcbc16d6000-7fcbc16d9000 ---p 00000000 00:00 0 
7fcbc16d9000-7fcbc17d7000 rw-p 00000000 00:00 0                          [stack:12559]
7fcbc17d7000-7fcbc17d8000 ---p 00000000 00:00 0 
7fcbc17d8000-7fcbc18d8000 rw-p 00000000 00:00 0                          [stack:12544]
7fcbc18d8000-7fcbc18db000 ---p 00000000 00:00 0 
7fcbc18db000-7fcbc19d9000 rw-p 00000000 00:00 0                          [stack:12543]
7fcbc19d9000-7fcbc19dc000 ---p 00000000 00:00 0 
7fcbc19dc000-7fcbc1ada000 rw-p 00000000 00:00 0                          [stack:12541]
7fcbc1ada000-7fcbc1add000 ---p 00000000 00:00 0 
7fcbc1add000-7fcbc1bdb000 rw-p 00000000 00:00 0                          [stack:12540]
7fcbc1bdb000-7fcbc1bde000 ---p 00000000 00:00 0 
7fcbc1bde000-7fcbc1cdc000 rw-p 00000000 00:00 0                          [stack:12534]
7fcbc1cdc000-7fcbc1cdf000 ---p 00000000 00:00 0 
7fcbc1cdf000-7fcbc1ddd000 rw-p 00000000 00:00 0                          [stack:12530]
7fcbc1ddd000-7fcbc21d7000 r--p 00000000 08:03 2502952                    /usr/lib/locale/locale-archive
7fcbc21d7000-7fcbc21da000 ---p 00000000 00:00 0 
7fcbc21da000-7fcbc22d8000 rw-p 00000000 00:00 0                          [stack:12519]
7fcbc22d8000-7fcbc22db000 ---p 00000000 00:00 0 
7fcbc22db000-7fcbc23d9000 rw-p 00000000 00:00 0                          [stack:12515]
7fcbc23d9000-7fcbc23da000 ---p 00000000 00:00 0 
7fcbc23da000-7fcbc344c000 rw-p 00000000 00:00 0                          [stack:12510]
7fcbc344c000-7fcbc344d000 ---p 00000000 00:00 0 
7fcbc344d000-7fcbc354d000 rw-p 00000000 00:00 0                          [stack:12499]
7fcbc354d000-7fcbc354e000 ---p 00000000 00:00 0 
7fcbc354e000-7fcbc364e000 rw-p 00000000 00:00 0                          [stack:12497]
7fcbc364e000-7fcbc364f000 ---p 00000000 00:00 0 
7fcbc364f000-7fcbc374f000 rw-p 00000000 00:00 0                          [stack:12495]
7fcbc374f000-7fcbc3750000 ---p 00000000 00:00 0 
7fcbc3750000-7fcbc3864000 rw-p 00000000 00:00 0                          [stack:12494]
7fcbc3864000-7fcbc39a6000 ---p 00000000 00:00 0 
7fcbc39a6000-7fcbc39ba000 rw-p 00000000 00:00 0 
7fcbc39ba000-7fcbc3afb000 ---p 00000000 00:00 0 
7fcbc3afb000-7fcbc3b46000 rw-p 00000000 00:00 0 
7fcbc3b46000-7fcbc3ba6000 ---p 00000000 00:00 0 
7fcbc3ba6000-7fcbc3bc1000 rw-p 00000000 00:00 0 
7fcbc3bc1000-7fcbc3f67000 ---p 00000000 00:00 0 
7fcbc3f67000-7fcbc45c7000 rwxp 00000000 00:00 0 
7fcbc45c7000-7fcbd2f67000 ---p 00000000 00:00 0 
7fcbd2f67000-7fcbd2f81000 r-xp 00000000 08:03 1709579                    /home/abel/jdk1.8.0_65/jre/lib/amd64/libzip.so
7fcbd2f81000-7fcbd3181000 ---p 0001a000 08:03 1709579                    /home/abel/jdk1.8.0_65/jre/lib/amd64/libzip.so
7fcbd3181000-7fcbd3182000 rw-p 0001a000 08:03 1709579                    /home/abel/jdk1.8.0_65/jre/lib/amd64/libzip.so
7fcbd3182000-7fcbd318c000 r-xp 00000000 08:03 538042                     /lib/x86_64-linux-gnu/libnss_files-2.19.so
7fcbd318c000-7fcbd338b000 ---p 0000a000 08:03 538042                     /lib/x86_64-linux-gnu/libnss_files-2.19.so
7fcbd338b000-7fcbd338c000 r--p 00009000 08:03 538042                     /lib/x86_64-linux-gnu/libnss_files-2.19.so
7fcbd338c000-7fcbd338d000 rw-p 0000a000 08:03 538042                     /lib/x86_64-linux-gnu/libnss_files-2.19.so
7fcbd338d000-7fcbd3398000 r-xp 00000000 08:03 538034                     /lib/x86_64-linux-gnu/libnss_nis-2.19.so
7fcbd3398000-7fcbd3597000 ---p 0000b000 08:03 538034                     /lib/x86_64-linux-gnu/libnss_nis-2.19.so
7fcbd3597000-7fcbd3598000 r--p 0000a000 08:03 538034                     /lib/x86_64-linux-gnu/libnss_nis-2.19.so
7fcbd3598000-7fcbd3599000 rw-p 0000b000 08:03 538034                     /lib/x86_64-linux-gnu/libnss_nis-2.19.so
7fcbd3599000-7fcbd35b0000 r-xp 00000000 08:03 535244                     /lib/x86_64-linux-gnu/libnsl-2.19.so
7fcbd35b0000-7fcbd37af000 ---p 00017000 08:03 535244                     /lib/x86_64-linux-gnu/libnsl-2.19.so
7fcbd37af000-7fcbd37b0000 r--p 00016000 08:03 535244                     /lib/x86_64-linux-gnu/libnsl-2.19.so
7fcbd37b0000-7fcbd37b1000 rw-p 00017000 08:03 535244                     /lib/x86_64-linux-gnu/libnsl-2.19.so
7fcbd37b1000-7fcbd37b3000 rw-p 00000000 00:00 0 
7fcbd37b3000-7fcbd37bc000 r-xp 00000000 08:03 535195                     /lib/x86_64-linux-gnu/libnss_compat-2.19.so
7fcbd37bc000-7fcbd39bb000 ---p 00009000 08:03 535195                     /lib/x86_64-linux-gnu/libnss_compat-2.19.so
7fcbd39bb000-7fcbd39bc000 r--p 00008000 08:03 535195                     /lib/x86_64-linux-gnu/libnss_compat-2.19.so
7fcbd39bc000-7fcbd39bd000 rw-p 00009000 08:03 535195                     /lib/x86_64-linux-gnu/libnss_compat-2.19.so
7fcbd39bd000-7fcbd39e7000 r-xp 00000000 08:03 1709557                    /home/abel/jdk1.8.0_65/jre/lib/amd64/libjava.so
7fcbd39e7000-7fcbd3be7000 ---p 0002a000 08:03 1709557                    /home/abel/jdk1.8.0_65/jre/lib/amd64/libjava.so
7fcbd3be7000-7fcbd3be9000 rw-p 0002a000 08:03 1709557                    /home/abel/jdk1.8.0_65/jre/lib/amd64/libjava.so
7fcbd3be9000-7fcbd3bf6000 r-xp 00000000 08:03 1709573                    /home/abel/jdk1.8.0_65/jre/lib/amd64/libverify.so
7fcbd3bf6000-7fcbd3df6000 ---p 0000d000 08:03 1709573                    /home/abel/jdk1.8.0_65/jre/lib/amd64/libverify.so
7fcbd3df6000-7fcbd3df8000 rw-p 0000d000 08:03 1709573                    /home/abel/jdk1.8.0_65/jre/lib/amd64/libverify.so
7fcbd3df8000-7fcbd3dff000 r-xp 00000000 08:03 538038                     /lib/x86_64-linux-gnu/librt-2.19.so
7fcbd3dff000-7fcbd3ffe000 ---p 00007000 08:03 538038                     /lib/x86_64-linux-gnu/librt-2.19.so
7fcbd3ffe000-7fcbd3fff000 r--p 00006000 08:03 538038                     /lib/x86_64-linux-gnu/librt-2.19.so
7fcbd3fff000-7fcbd4000000 rw-p 00007000 08:03 538038                     /lib/x86_64-linux-gnu/librt-2.19.so
7fcbd4000000-7fcbd4393000 rw-p 00000000 00:00 0 
7fcbd4393000-7fcbd8000000 ---p 00000000 00:00 0 
7fcbd8011000-7fcbd8020000 r--s 000df000 08:03 1594568                    /home/abel/Android/Sdk/build-tools/23.0.3/lib/dx.jar
7fcbd8020000-7fcbd80d8000 rw-p 00000000 00:00 0 
7fcbd80d8000-7fcbd81dd000 r-xp 00000000 08:03 535079                     /lib/x86_64-linux-gnu/libm-2.19.so
7fcbd81dd000-7fcbd83dc000 ---p 00105000 08:03 535079                     /lib/x86_64-linux-gnu/libm-2.19.so
7fcbd83dc000-7fcbd83dd000 r--p 00104000 08:03 535079                     /lib/x86_64-linux-gnu/libm-2.19.so
7fcbd83dd000-7fcbd83de000 rw-p 00105000 08:03 535079                     /lib/x86_64-linux-gnu/libm-2.19.so
7fcbd83de000-7fcbd909c000 r-xp 00000000 08:03 1709595                    /home/abel/jdk1.8.0_65/jre/lib/amd64/server/libjvm.so
7fcbd909c000-7fcbd929b000 ---p 00cbe000 08:03 1709595                    /home/abel/jdk1.8.0_65/jre/lib/amd64/server/libjvm.so
7fcbd929b000-7fcbd9373000 rw-p 00cbd000 08:03 1709595                    /home/abel/jdk1.8.0_65/jre/lib/amd64/server/libjvm.so
7fcbd9373000-7fcbd93b8000 rw-p 00000000 00:00 0 
7fcbd93b8000-7fcbd9572000 r-xp 00000000 08:03 538039                     /lib/x86_64-linux-gnu/libc-2.19.so
7fcbd9572000-7fcbd9772000 ---p 001ba000 08:03 538039                     /lib/x86_64-linux-gnu/libc-2.19.so
7fcbd9772000-7fcbd9776000 r--p 001ba000 08:03 538039                     /lib/x86_64-linux-gnu/libc-2.19.so
7fcbd9776000-7fcbd9778000 rw-p 001be000 08:03 538039                     /lib/x86_64-linux-gnu/libc-2.19.so
7fcbd9778000-7fcbd977d000 rw-p 00000000 00:00 0 
7fcbd977d000-7fcbd9780000 r-xp 00000000 08:03 535192                     /lib/x86_64-linux-gnu/libdl-2.19.so
7fcbd9780000-7fcbd997f000 ---p 00003000 08:03 535192                     /lib/x86_64-linux-gnu/libdl-2.19.so
7fcbd997f000-7fcbd9980000 r--p 00002000 08:03 535192                     /lib/x86_64-linux-gnu/libdl-2.19.so
7fcbd9980000-7fcbd9981000 rw-p 00003000 08:03 535192                     /lib/x86_64-linux-gnu/libdl-2.19.so
7fcbd9981000-7fcbd9996000 r-xp 00000000 08:03 539757                     /home/abel/jdk1.8.0_65/lib/amd64/jli/libjli.so
7fcbd9996000-7fcbd9b96000 ---p 00015000 08:03 539757                     /home/abel/jdk1.8.0_65/lib/amd64/jli/libjli.so
7fcbd9b96000-7fcbd9b97000 rw-p 00015000 08:03 539757                     /home/abel/jdk1.8.0_65/lib/amd64/jli/libjli.so
7fcbd9b97000-7fcbd9bb0000 r-xp 00000000 08:03 538029                     /lib/x86_64-linux-gnu/libpthread-2.19.so
7fcbd9bb0000-7fcbd9daf000 ---p 00019000 08:03 538029                     /lib/x86_64-linux-gnu/libpthread-2.19.so
7fcbd9daf000-7fcbd9db0000 r--p 00018000 08:03 538029                     /lib/x86_64-linux-gnu/libpthread-2.19.so
7fcbd9db0000-7fcbd9db1000 rw-p 00019000 08:03 538029                     /lib/x86_64-linux-gnu/libpthread-2.19.so
7fcbd9db1000-7fcbd9db5000 rw-p 00000000 00:00 0 
7fcbd9db5000-7fcbd9dd8000 r-xp 00000000 08:03 538031                     /lib/x86_64-linux-gnu/ld-2.19.so
7fcbd9ddd000-7fcbd9eaf000 rw-p 00000000 00:00 0 
7fcbd9eaf000-7fcbd9eb2000 ---p 00000000 00:00 0 
7fcbd9eb2000-7fcbd9fb4000 rw-p 00000000 00:00 0                          [stack:12483]
7fcbd9fb6000-7fcbd9fcb000 rw-p 00000000 00:00 0 
7fcbd9fcb000-7fcbd9fd3000 rw-s 00000000 08:03 1051941                    /tmp/hsperfdata_abel/12477
7fcbd9fd3000-7fcbd9fd4000 rw-p 00000000 00:00 0 
7fcbd9fd4000-7fcbd9fd5000 ---p 00000000 00:00 0 
7fcbd9fd5000-7fcbd9fd7000 rw-p 00000000 00:00 0 
7fcbd9fd7000-7fcbd9fd8000 r--p 00022000 08:03 538031                     /lib/x86_64-linux-gnu/ld-2.19.so
7fcbd9fd8000-7fcbd9fd9000 rw-p 00023000 08:03 538031                     /lib/x86_64-linux-gnu/ld-2.19.so
7fcbd9fd9000-7fcbd9fda000 rw-p 00000000 00:00 0 
7fff4702d000-7fff4704e000 rw-p 00000000 00:00 0                          [stack]
7fff471fe000-7fff47200000 r-xp 00000000 00:00 0                          [vdso]
ffffffffff600000-ffffffffff601000 r-xp 00000000 00:00 0                  [vsyscall]

VM Arguments:
jvm_args: -Djava.awt.headless=true -Xmx1024M -Dfile.encoding=UTF-8 -Duser.country=MX -Duser.language=es -Duser.variant 
java_command: com.android.dx.command.Main --dex --num-threads=4 --output /home/abel/Escritorio/Radika/Samples/RadikaX/OpenGL/AirHockey1/app/build/intermediates/pre-dexed/debug/com.android.support-appcompat-v7-23.4.0_ba6fef01ab92399fb9665751557e48ca0b266fad.jar /home/abel/Escritorio/Radika/Samples/RadikaX/OpenGL/AirHockey1/app/build/intermediates/exploded-aar/com.android.support/appcompat-v7/23.4.0/jars/classes.jar
java_class_path (initial): /home/abel/Android/Sdk/build-tools/23.0.3/lib/dx.jar
Launcher Type: SUN_STANDARD

Environment Variables:
PATH=/usr/local/sbin:/usr/local/bin:/usr/sbin:/usr/bin:/sbin:/bin:/usr/games:/usr/local/games:/home/abel/jdk1.8.0_65/jre/bin:/home/abel/jdk1.8.0_65/bin
USERNAME=abel
LD_LIBRARY_PATH=.:
SHELL=/bin/bash
DISPLAY=:0.0

Signal Handlers:
SIGSEGV: [libjvm.so+0xaba070], sa_mask[0]=11111111011111111101111111111110, sa_flags=SA_RESTART|SA_SIGINFO
SIGBUS: [libjvm.so+0xaba070], sa_mask[0]=11111111011111111101111111111110, sa_flags=SA_RESTART|SA_SIGINFO
SIGFPE: [libjvm.so+0x917630], sa_mask[0]=11111111011111111101111111111110, sa_flags=SA_RESTART|SA_SIGINFO
SIGPIPE: [libjvm.so+0x917630], sa_mask[0]=11111111011111111101111111111110, sa_flags=SA_RESTART|SA_SIGINFO
SIGXFSZ: [libjvm.so+0x917630], sa_mask[0]=11111111011111111101111111111110, sa_flags=SA_RESTART|SA_SIGINFO
SIGILL: [libjvm.so+0x917630], sa_mask[0]=11111111011111111101111111111110, sa_flags=SA_RESTART|SA_SIGINFO
SIGUSR1: SIG_DFL, sa_mask[0]=00000000000000000000000000000000, sa_flags=none
SIGUSR2: [libjvm.so+0x918c60], sa_mask[0]=00100000000000000000000000000000, sa_flags=SA_RESTART|SA_SIGINFO
SIGHUP: [libjvm.so+0x91a060], sa_mask[0]=11111111011111111101111111111110, sa_flags=SA_RESTART|SA_SIGINFO
SIGINT: [libjvm.so+0x91a060], sa_mask[0]=11111111011111111101111111111110, sa_flags=SA_RESTART|SA_SIGINFO
SIGTERM: [libjvm.so+0x91a060], sa_mask[0]=11111111011111111101111111111110, sa_flags=SA_RESTART|SA_SIGINFO
SIGQUIT: [libjvm.so+0x91a060], sa_mask[0]=11111111011111111101111111111110, sa_flags=SA_RESTART|SA_SIGINFO


---------------  S Y S T E M  ---------------

OS:DISTRIB_ID=LinuxMint
DISTRIB_RELEASE=17.1
DISTRIB_CODENAME=rebecca
DISTRIB_DESCRIPTION="Linux Mint 17.1 Rebecca"

uname:Linux 3.13.0-37-generic #64-Ubuntu SMP Mon Sep 22 21:28:38 UTC 2014 x86_64
libc:glibc 2.19 NPTL 2.19 
rlimit: STACK 8192k, CORE 0k, NPROC 30418, NOFILE 4096, AS infinity
load average:2.83 1.18 0.59

/proc/meminfo:
MemTotal:        3924736 kB
MemFree:          138204 kB
Buffers:            1228 kB
Cached:           269712 kB
SwapCached:            0 kB
Active:          3341708 kB
Inactive:         253156 kB
Active(anon):    3331624 kB
Inactive(anon):   214524 kB
Active(file):      10084 kB
Inactive(file):    38632 kB
Unevictable:           0 kB
Mlocked:               0 kB
SwapTotal:             0 kB
SwapFree:              0 kB
Dirty:              1400 kB
Writeback:             0 kB
AnonPages:       3326156 kB
Mapped:           123168 kB
Shmem:            220088 kB
Slab:              72116 kB
SReclaimable:      33220 kB
SUnreclaim:        38896 kB
KernelStack:        5720 kB
PageTables:        40208 kB
NFS_Unstable:          0 kB
Bounce:                0 kB
WritebackTmp:          0 kB
CommitLimit:     1962368 kB
Committed_AS:    7281976 kB
VmallocTotal:   34359738367 kB
VmallocUsed:      346700 kB
VmallocChunk:   34359383516 kB
HardwareCorrupted:     0 kB
AnonHugePages:   1210368 kB
HugePages_Total:       0
HugePages_Free:        0
HugePages_Rsvd:        0
HugePages_Surp:        0
Hugepagesize:       2048 kB
DirectMap4k:       99792 kB
DirectMap2M:     3973120 kB


CPU:total 4 (2 cores per cpu, 2 threads per core) family 6 model 42 stepping 7, cmov, cx8, fxsr, mmx, sse, sse2, sse3, ssse3, sse4.1, sse4.2, popcnt, avx, aes, clmul, ht, tsc, tscinvbit

/proc/cpuinfo:
processor	: 0
vendor_id	: GenuineIntel
cpu family	: 6
model		: 42
model name	: Intel(R) Core(TM) i5-2520M CPU @ 2.50GHz
stepping	: 7
microcode	: 0x23
cpu MHz		: 2501.000
cache size	: 3072 KB
physical id	: 0
siblings	: 4
core id		: 0
cpu cores	: 2
apicid		: 0
initial apicid	: 0
fpu		: yes
fpu_exception	: yes
cpuid level	: 13
wp		: yes
flags		: fpu vme de pse tsc msr pae mce cx8 apic sep mtrr pge mca cmov pat pse36 clflush dts acpi mmx fxsr sse sse2 ss ht tm pbe syscall nx rdtscp lm constant_tsc arch_perfmon pebs bts rep_good nopl xtopology nonstop_tsc aperfmperf eagerfpu pni pclmulqdq dtes64 monitor ds_cpl vmx smx est tm2 ssse3 cx16 xtpr pdcm pcid sse4_1 sse4_2 x2apic popcnt tsc_deadline_timer aes xsave avx lahf_lm ida arat epb xsaveopt pln pts dtherm tpr_shadow vnmi flexpriority ept vpid
bogomips	: 4989.16
clflush size	: 64
cache_alignment	: 64
address sizes	: 36 bits physical, 48 bits virtual
power management:

processor	: 1
vendor_id	: GenuineIntel
cpu family	: 6
model		: 42
model name	: Intel(R) Core(TM) i5-2520M CPU @ 2.50GHz
stepping	: 7
microcode	: 0x23
cpu MHz		: 2501.000
cache size	: 3072 KB
physical id	: 0
siblings	: 4
core id		: 1
cpu cores	: 2
apicid		: 2
initial apicid	: 2
fpu		: yes
fpu_exception	: yes
cpuid level	: 13
wp		: yes
flags		: fpu vme de pse tsc msr pae mce cx8 apic sep mtrr pge mca cmov pat pse36 clflush dts acpi mmx fxsr sse sse2 ss ht tm pbe syscall nx rdtscp lm constant_tsc arch_perfmon pebs bts rep_good nopl xtopology nonstop_tsc aperfmperf eagerfpu pni pclmulqdq dtes64 monitor ds_cpl vmx smx est tm2 ssse3 cx16 xtpr pdcm pcid sse4_1 sse4_2 x2apic popcnt tsc_deadline_timer aes xsave avx lahf_lm ida arat epb xsaveopt pln pts dtherm tpr_shadow vnmi flexpriority ept vpid
bogomips	: 4989.16
clflush size	: 64
cache_alignment	: 64
address sizes	: 36 bits physical, 48 bits virtual
power management:

processor	: 2
vendor_id	: GenuineIntel
cpu family	: 6
model		: 42
model name	: Intel(R) Core(TM) i5-2520M CPU @ 2.50GHz
stepping	: 7
microcode	: 0x23
cpu MHz		: 2501.000
cache size	: 3072 KB
physical id	: 0
siblings	: 4
core id		: 0
cpu cores	: 2
apicid		: 1
initial apicid	: 1
fpu		: yes
fpu_exception	: yes
cpuid level	: 13
wp		: yes
flags		: fpu vme de pse tsc msr pae mce cx8 apic sep mtrr pge mca cmov pat pse36 clflush dts acpi mmx fxsr sse sse2 ss ht tm pbe syscall nx rdtscp lm constant_tsc arch_perfmon pebs bts rep_good nopl xtopology nonstop_tsc aperfmperf eagerfpu pni pclmulqdq dtes64 monitor ds_cpl vmx smx est tm2 ssse3 cx16 xtpr pdcm pcid sse4_1 sse4_2 x2apic popcnt tsc_deadline_timer aes xsave avx lahf_lm ida arat epb xsaveopt pln pts dtherm tpr_shadow vnmi flexpriority ept vpid
bogomips	: 4989.16
clflush size	: 64
cache_alignment	: 64
address sizes	: 36 bits physical, 48 bits virtual
power management:

processor	: 3
vendor_id	: GenuineIntel
cpu family	: 6
model		: 42
model name	: Intel(R) Core(TM) i5-2520M CPU @ 2.50GHz
stepping	: 7
microcode	: 0x23
cpu MHz		: 2501.000
cache size	: 3072 KB
physical id	: 0
siblings	: 4
core id		: 1
cpu cores	: 2
apicid		: 3
initial apicid	: 3
fpu		: yes
fpu_exception	: yes
cpuid level	: 13
wp		: yes
flags		: fpu vme de pse tsc msr pae mce cx8 apic sep mtrr pge mca cmov pat pse36 clflush dts acpi mmx fxsr sse sse2 ss ht tm pbe syscall nx rdtscp lm constant_tsc arch_perfmon pebs bts rep_good nopl xtopology nonstop_tsc aperfmperf eagerfpu pni pclmulqdq dtes64 monitor ds_cpl vmx smx est tm2 ssse3 cx16 xtpr pdcm pcid sse4_1 sse4_2 x2apic popcnt tsc_deadline_timer aes xsave avx lahf_lm ida arat epb xsaveopt pln pts dtherm tpr_shadow vnmi flexpriority ept vpid
bogomips	: 4989.16
clflush size	: 64
cache_alignment	: 64
address sizes	: 36 bits physical, 48 bits virtual
power management:



Memory: 4k page, physical 3924736k(138204k free), swap 0k(0k free)

vm_info: Java HotSpot(TM) 64-Bit Server VM (25.65-b01) for linux-amd64 JRE (1.8.0_65-b17), built on Oct  6 2015 17:16:12 by "java_re" with gcc 4.3.0 20080428 (Red Hat 4.3.0-8)

time: Fri Aug 19 13:33:52 2016
elapsed time: 7 seconds (0d 0h 0m 7s)

