#
# There is insufficient memory for the Java Runtime Environment to continue.
# Native memory allocation (mmap) failed to map 71303168 bytes for committing reserved memory.
# Possible reasons:
#   The system is out of physical RAM or swap space
#   In 32 bit mode, the process size limit was hit
# Possible solutions:
#   Reduce memory load on the system
#   Increase physical memory or swap space
#   Check if swap backing store is full
#   Use 64 bit Java on a 64 bit OS
#   Decrease Java heap size (-Xmx/-Xms)
#   Decrease number of Java threads
#   Decrease Java thread stack sizes (-Xss)
#   Set larger code cache with -XX:ReservedCodeCacheSize=
# This output file may be truncated or incomplete.
#
#  Out of Memory Error (os_linux.cpp:2627), pid=12968, tid=140610311792384
#
# JRE version: Java(TM) SE Runtime Environment (8.0_65-b17) (build 1.8.0_65-b17)
# Java VM: Java HotSpot(TM) 64-Bit Server VM (25.65-b01 mixed mode linux-amd64 compressed oops)
# Failed to write core dump. Core dumps have been disabled. To enable core dumping, try "ulimit -c unlimited" before starting Java again
#

---------------  T H R E A D  ---------------

Current thread (0x00007fe284078000):  VMThread [stack: 0x00007fe2639fa000,0x00007fe263afb000] [id=12978]

Stack: [0x00007fe2639fa000,0x00007fe263afb000],  sp=0x00007fe263af90e0,  free space=1020k
Native frames: (J=compiled Java code, j=interpreted, Vv=VM code, C=native code)
V  [libjvm.so+0xab97ea]  VMError::report_and_die()+0x2ba
V  [libjvm.so+0x4f9dcb]  report_vm_out_of_memory(char const*, int, unsigned long, VMErrorType, char const*)+0x8b
V  [libjvm.so+0x91a7c3]  os::Linux::commit_memory_impl(char*, unsigned long, bool)+0x103
V  [libjvm.so+0x91ad19]  os::pd_commit_memory(char*, unsigned long, unsigned long, bool)+0x29
V  [libjvm.so+0x91502a]  os::commit_memory(char*, unsigned long, unsigned long, bool)+0x2a
V  [libjvm.so+0x9886d3]  PSVirtualSpace::expand_by(unsigned long)+0x53
V  [libjvm.so+0x989ad8]  PSYoungGen::resize_generation(unsigned long, unsigned long)+0xf8
V  [libjvm.so+0x988c32]  PSYoungGen::resize(unsigned long, unsigned long)+0x22
V  [libjvm.so+0x985f0b]  PSScavenge::invoke_no_policy()+0xf3b
V  [libjvm.so+0x986691]  PSScavenge::invoke()+0x41
V  [libjvm.so+0x93e430]  ParallelScavengeHeap::failed_mem_allocate(unsigned long)+0x70
V  [libjvm.so+0xabb207]  VM_ParallelGCFailedAllocation::doit()+0x97
V  [libjvm.so+0xac2c35]  VM_Operation::evaluate()+0x55
V  [libjvm.so+0xac100a]  VMThread::evaluate_operation(VM_Operation*)+0xba
V  [libjvm.so+0xac138e]  VMThread::loop()+0x1ce
V  [libjvm.so+0xac1800]  VMThread::run()+0x70
V  [libjvm.so+0x91cb88]  java_start(Thread*)+0x108

VM_Operation (0x00007fe262df5b10): ParallelGCFailedAllocation, mode: safepoint, requested by thread 0x00007fe284146800


---------------  P R O C E S S  ---------------

Java Threads: ( => current thread )
  0x00007fe28414e000 JavaThread "pool-1-thread-4" [_thread_blocked, id=12996, stack(0x00007fe2628f3000,0x00007fe2629f4000)]
  0x00007fe28414c800 JavaThread "pool-1-thread-3" [_thread_blocked, id=12995, stack(0x00007fe2629f4000,0x00007fe262af5000)]
  0x00007fe28414b800 JavaThread "pool-1-thread-2" [_thread_blocked, id=12994, stack(0x00007fe262af5000,0x00007fe262bf6000)]
  0x00007fe284148800 JavaThread "pool-2-thread-1" [_thread_blocked, id=12993, stack(0x00007fe262bf6000,0x00007fe262cf7000)]
  0x00007fe284146800 JavaThread "pool-1-thread-1" [_thread_blocked, id=12992, stack(0x00007fe262cf7000,0x00007fe262df8000)]
  0x00007fe2840c2000 JavaThread "Service Thread" daemon [_thread_blocked, id=12990, stack(0x00007fe262ef9000,0x00007fe262ffa000)]
  0x00007fe2840bd000 JavaThread "C1 CompilerThread2" daemon [_thread_blocked, id=12989, stack(0x00007fe262ffa000,0x00007fe2630fb000)]
  0x00007fe2840bb800 JavaThread "C2 CompilerThread1" daemon [_thread_in_native, id=12988, stack(0x00007fe2630fb000,0x00007fe2631fc000)]
  0x00007fe2840b8800 JavaThread "C2 CompilerThread0" daemon [_thread_in_native, id=12987, stack(0x00007fe2631fc000,0x00007fe2632fd000)]
  0x00007fe2840b7000 JavaThread "Signal Dispatcher" daemon [_thread_blocked, id=12986, stack(0x00007fe2632fd000,0x00007fe2633fe000)]
  0x00007fe28407f000 JavaThread "Finalizer" daemon [_thread_blocked, id=12981, stack(0x00007fe2637f8000,0x00007fe2638f9000)]
  0x00007fe28407d000 JavaThread "Reference Handler" daemon [_thread_blocked, id=12980, stack(0x00007fe2638f9000,0x00007fe2639fa000)]
  0x00007fe28400a000 JavaThread "main" [_thread_blocked, id=12970, stack(0x00007fe28a10c000,0x00007fe28a20d000)]

Other Threads:
=>0x00007fe284078000 VMThread [stack: 0x00007fe2639fa000,0x00007fe263afb000] [id=12978]
  0x00007fe2840c5000 WatcherThread [stack: 0x00007fe262df8000,0x00007fe262ef9000] [id=12991]

VM state:at safepoint (normal execution)

VM Mutex/Monitor currently owned by a thread:  ([mutex/lock_event])
[0x00007fe2840064d0] Threads_lock - owner thread: 0x00007fe284078000
[0x00007fe2840069d0] Heap_lock - owner thread: 0x00007fe284146800

Heap:
 PSYoungGen      total 70656K, used 10237K [0x00000000eab00000, 0x00000000efb00000, 0x0000000100000000)
  eden space 60416K, 0% used [0x00000000eab00000,0x00000000eab00000,0x00000000ee600000)
  from space 10240K, 99% used [0x00000000ee600000,0x00000000eefff550,0x00000000ef000000)
  to   space 9216K, 0% used [0x00000000ef000000,0x00000000ef000000,0x00000000ef900000)
 ParOldGen       total 40960K, used 18382K [0x00000000c0000000, 0x00000000c2800000, 0x00000000eab00000)
  object space 40960K, 44% used [0x00000000c0000000,0x00000000c11f38b8,0x00000000c2800000)
 Metaspace       used 5990K, capacity 6960K, committed 7040K, reserved 1056768K
  class space    used 593K, capacity 616K, committed 640K, reserved 1048576K

Card table byte_map: [0x00007fe273bae000,0x00007fe273daf000] byte_map_base: 0x00007fe2735ae000

Marking Bits: (ParMarkBitMap*) 0x00007fe2895e9de0
 Begin Bits: [0x00007fe271755000, 0x00007fe272755000)
 End Bits:   [0x00007fe272755000, 0x00007fe273755000)

Polling page: 0x00007fe28a231000

CodeCache: size=245760Kb used=5269Kb max_used=5269Kb free=240491Kb
 bounds [0x00007fe27416f000, 0x00007fe27469f000, 0x00007fe28316f000]
 total_blobs=1607 nmethods=1339 adapters=182
 compilation: enabled

Compilation events (10 events):
Event: 4.356 Thread 0x00007fe2840bd000 nmethod 1462 0x00007fe2746931d0 code [0x00007fe2746933a0, 0x00007fe274693768]
Event: 4.356 Thread 0x00007fe2840bd000 1533       2       com.android.dx.rop.cst.CstType::<init> (46 bytes)
Event: 4.357 Thread 0x00007fe2840bd000 nmethod 1533 0x00007fe274693b90 code [0x00007fe274693d20, 0x00007fe274694018]
Event: 4.357 Thread 0x00007fe2840bd000 1534       2       com.android.dx.cf.iface.StdMember::<init> (69 bytes)
Event: 4.357 Thread 0x00007fe2840bd000 nmethod 1534 0x00007fe274694190 code [0x00007fe274694320, 0x00007fe2746946a8]
Event: 4.357 Thread 0x00007fe2840bd000 1486       2       com.android.dx.ssa.SsaMethod::onSourceChanged (65 bytes)
Event: 4.358 Thread 0x00007fe2840bd000 nmethod 1486 0x00007fe274694890 code [0x00007fe274694a20, 0x00007fe274694db8]
Event: 4.358 Thread 0x00007fe2840bd000 1537       2       com.android.dx.ssa.SsaBasicBlock::addMoveToEnd (172 bytes)
Event: 4.378 Thread 0x00007fe2840bd000 nmethod 1537 0x00007fe274695190 code [0x00007fe274695420, 0x00007fe274695f28]
Event: 4.378 Thread 0x00007fe2840bd000 1554       3       com.android.dx.ssa.SsaRenamer::setNameForSsaReg (54 bytes)

GC Heap History (10 events):
Event: 2.165 GC heap after
Heap after GC invocations=2 (full 0):
 PSYoungGen      total 17920K, used 2551K [0x00000000eab00000, 0x00000000ebf00000, 0x0000000100000000)
  eden space 15360K, 0% used [0x00000000eab00000,0x00000000eab00000,0x00000000eba00000)
  from space 2560K, 99% used [0x00000000ebc80000,0x00000000ebefdd10,0x00000000ebf00000)
  to   space 2560K, 0% used [0x00000000eba00000,0x00000000eba00000,0x00000000ebc80000)
 ParOldGen       total 40960K, used 2113K [0x00000000c0000000, 0x00000000c2800000, 0x00000000eab00000)
  object space 40960K, 5% used [0x00000000c0000000,0x00000000c0210790,0x00000000c2800000)
 Metaspace       used 5710K, capacity 6704K, committed 6784K, reserved 1056768K
  class space    used 590K, capacity 616K, committed 640K, reserved 1048576K
}
Event: 2.739 GC heap before
{Heap before GC invocations=3 (full 0):
 PSYoungGen      total 17920K, used 17911K [0x00000000eab00000, 0x00000000ebf00000, 0x0000000100000000)
  eden space 15360K, 100% used [0x00000000eab00000,0x00000000eba00000,0x00000000eba00000)
  from space 2560K, 99% used [0x00000000ebc80000,0x00000000ebefdd10,0x00000000ebf00000)
  to   space 2560K, 0% used [0x00000000eba00000,0x00000000eba00000,0x00000000ebc80000)
 ParOldGen       total 40960K, used 2113K [0x00000000c0000000, 0x00000000c2800000, 0x00000000eab00000)
  object space 40960K, 5% used [0x00000000c0000000,0x00000000c0210790,0x00000000c2800000)
 Metaspace       used 5795K, capacity 6768K, committed 7040K, reserved 1056768K
  class space    used 592K, capacity 616K, committed 640K, reserved 1048576K
Event: 2.754 GC heap after
Heap after GC invocations=3 (full 0):
 PSYoungGen      total 17920K, used 2548K [0x00000000eab00000, 0x00000000ece00000, 0x0000000100000000)
  eden space 15360K, 0% used [0x00000000eab00000,0x00000000eab00000,0x00000000eba00000)
  from space 2560K, 99% used [0x00000000eba00000,0x00000000ebc7d328,0x00000000ebc80000)
  to   space 2560K, 0% used [0x00000000ecb80000,0x00000000ecb80000,0x00000000ece00000)
 ParOldGen       total 40960K, used 4908K [0x00000000c0000000, 0x00000000c2800000, 0x00000000eab00000)
  object space 40960K, 11% used [0x00000000c0000000,0x00000000c04cb0d0,0x00000000c2800000)
 Metaspace       used 5795K, capacity 6768K, committed 7040K, reserved 1056768K
  class space    used 592K, capacity 616K, committed 640K, reserved 1048576K
}
Event: 3.077 GC heap before
{Heap before GC invocations=4 (full 0):
 PSYoungGen      total 17920K, used 17908K [0x00000000eab00000, 0x00000000ece00000, 0x0000000100000000)
  eden space 15360K, 100% used [0x00000000eab00000,0x00000000eba00000,0x00000000eba00000)
  from space 2560K, 99% used [0x00000000eba00000,0x00000000ebc7d328,0x00000000ebc80000)
  to   space 2560K, 0% used [0x00000000ecb80000,0x00000000ecb80000,0x00000000ece00000)
 ParOldGen       total 40960K, used 4908K [0x00000000c0000000, 0x00000000c2800000, 0x00000000eab00000)
  object space 40960K, 11% used [0x00000000c0000000,0x00000000c04cb0d0,0x00000000c2800000)
 Metaspace       used 5832K, capacity 6832K, committed 7040K, reserved 1056768K
  class space    used 592K, capacity 616K, committed 640K, reserved 1048576K
Event: 3.109 GC heap after
Heap after GC invocations=4 (full 0):
 PSYoungGen      total 33280K, used 2544K [0x00000000eab00000, 0x00000000ece00000, 0x0000000100000000)
  eden space 30720K, 0% used [0x00000000eab00000,0x00000000eab00000,0x00000000ec900000)
  from space 2560K, 99% used [0x00000000ecb80000,0x00000000ecdfc0b0,0x00000000ece00000)
  to   space 2560K, 0% used [0x00000000ec900000,0x00000000ec900000,0x00000000ecb80000)
 ParOldGen       total 40960K, used 7265K [0x00000000c0000000, 0x00000000c2800000, 0x00000000eab00000)
  object space 40960K, 17% used [0x00000000c0000000,0x00000000c07186a0,0x00000000c2800000)
 Metaspace       used 5832K, capacity 6832K, committed 7040K, reserved 1056768K
  class space    used 592K, capacity 616K, committed 640K, reserved 1048576K
}
Event: 3.450 GC heap before
{Heap before GC invocations=5 (full 0):
 PSYoungGen      total 33280K, used 33264K [0x00000000eab00000, 0x00000000ece00000, 0x0000000100000000)
  eden space 30720K, 100% used [0x00000000eab00000,0x00000000ec900000,0x00000000ec900000)
  from space 2560K, 99% used [0x00000000ecb80000,0x00000000ecdfc0b0,0x00000000ece00000)
  to   space 2560K, 0% used [0x00000000ec900000,0x00000000ec900000,0x00000000ecb80000)
 ParOldGen       total 40960K, used 7265K [0x00000000c0000000, 0x00000000c2800000, 0x00000000eab00000)
  object space 40960K, 17% used [0x00000000c0000000,0x00000000c07186a0,0x00000000c2800000)
 Metaspace       used 5881K, capacity 6832K, committed 7040K, reserved 1056768K
  class space    used 593K, capacity 616K, committed 640K, reserved 1048576K
Event: 3.468 GC heap after
Heap after GC invocations=5 (full 0):
 PSYoungGen      total 33280K, used 2548K [0x00000000eab00000, 0x00000000ef900000, 0x0000000100000000)
  eden space 30720K, 0% used [0x00000000eab00000,0x00000000eab00000,0x00000000ec900000)
  from space 2560K, 99% used [0x00000000ec900000,0x00000000ecb7d328,0x00000000ecb80000)
  to   space 9216K, 0% used [0x00000000ef000000,0x00000000ef000000,0x00000000ef900000)
 ParOldGen       total 40960K, used 12218K [0x00000000c0000000, 0x00000000c2800000, 0x00000000eab00000)
  object space 40960K, 29% used [0x00000000c0000000,0x00000000c0beeb80,0x00000000c2800000)
 Metaspace       used 5881K, capacity 6832K, committed 7040K, reserved 1056768K
  class space    used 593K, capacity 616K, committed 640K, reserved 1048576K
}
Event: 3.783 GC heap before
{Heap before GC invocations=6 (full 0):
 PSYoungGen      total 33280K, used 33268K [0x00000000eab00000, 0x00000000ef900000, 0x0000000100000000)
  eden space 30720K, 100% used [0x00000000eab00000,0x00000000ec900000,0x00000000ec900000)
  from space 2560K, 99% used [0x00000000ec900000,0x00000000ecb7d328,0x00000000ecb80000)
  to   space 9216K, 0% used [0x00000000ef000000,0x00000000ef000000,0x00000000ef900000)
 ParOldGen       total 40960K, used 12218K [0x00000000c0000000, 0x00000000c2800000, 0x00000000eab00000)
  object space 40960K, 29% used [0x00000000c0000000,0x00000000c0beeb80,0x00000000c2800000)
 Metaspace       used 5894K, capacity 6896K, committed 7040K, reserved 1056768K
  class space    used 593K, capacity 616K, committed 640K, reserved 1048576K
Event: 3.833 GC heap after
Heap after GC invocations=6 (full 0):
 PSYoungGen      total 69632K, used 7972K [0x00000000eab00000, 0x00000000efb00000, 0x0000000100000000)
  eden space 60416K, 0% used [0x00000000eab00000,0x00000000eab00000,0x00000000ee600000)
  from space 9216K, 86% used [0x00000000ef000000,0x00000000ef7c9338,0x00000000ef900000)
  to   space 10240K, 0% used [0x00000000ee600000,0x00000000ee600000,0x00000000ef000000)
 ParOldGen       total 40960K, used 12226K [0x00000000c0000000, 0x00000000c2800000, 0x00000000eab00000)
  object space 40960K, 29% used [0x00000000c0000000,0x00000000c0bf0b80,0x00000000c2800000)
 Metaspace       used 5894K, capacity 6896K, committed 7040K, reserved 1056768K
  class space    used 593K, capacity 616K, committed 640K, reserved 1048576K
}
Event: 4.383 GC heap before
{Heap before GC invocations=7 (full 0):
 PSYoungGen      total 69632K, used 68388K [0x00000000eab00000, 0x00000000efb00000, 0x0000000100000000)
  eden space 60416K, 100% used [0x00000000eab00000,0x00000000ee600000,0x00000000ee600000)
  from space 9216K, 86% used [0x00000000ef000000,0x00000000ef7c9338,0x00000000ef900000)
  to   space 10240K, 0% used [0x00000000ee600000,0x00000000ee600000,0x00000000ef000000)
 ParOldGen       total 40960K, used 12226K [0x00000000c0000000, 0x00000000c2800000, 0x00000000eab00000)
  object space 40960K, 29% used [0x00000000c0000000,0x00000000c0bf0b80,0x00000000c2800000)
 Metaspace       used 5990K, capacity 6960K, committed 7040K, reserved 1056768K
  class space    used 593K, capacity 616K, committed 640K, reserved 1048576K

Deoptimization events (10 events):
Event: 3.123 Thread 0x00007fe28414c800 Uncommon trap: reason=unstable_if action=reinterpret pc=0x00007fe27444005c method=com.android.dx.rop.cst.Constant.compareTo(Lcom/android/dx/rop/cst/Constant;)I @ 12
Event: 3.285 Thread 0x00007fe28414b800 Uncommon trap: reason=unstable_if action=reinterpret pc=0x00007fe2744406b4 method=com.android.dx.rop.code.RegisterSpec.equals(ILcom/android/dx/rop/type/TypeBearer;Lcom/android/dx/rop/code/LocalItem;)Z @ 42
Event: 3.359 Thread 0x00007fe284146800 Uncommon trap: reason=bimorphic action=maybe_recompile pc=0x00007fe27443de60 method=java.util.HashMap.getNode(ILjava/lang/Object;)Ljava/util/HashMap$Node; @ 126
Event: 3.359 Thread 0x00007fe284146800 Uncommon trap: reason=bimorphic action=maybe_recompile pc=0x00007fe27443de60 method=java.util.HashMap.getNode(ILjava/lang/Object;)Ljava/util/HashMap$Node; @ 126
Event: 3.359 Thread 0x00007fe284146800 Uncommon trap: reason=bimorphic action=maybe_recompile pc=0x00007fe27443de60 method=java.util.HashMap.getNode(ILjava/lang/Object;)Ljava/util/HashMap$Node; @ 126
Event: 3.359 Thread 0x00007fe284146800 Uncommon trap: reason=bimorphic action=maybe_recompile pc=0x00007fe27443de60 method=java.util.HashMap.getNode(ILjava/lang/Object;)Ljava/util/HashMap$Node; @ 126
Event: 3.420 Thread 0x00007fe28414b800 Uncommon trap: reason=unstable_if action=reinterpret pc=0x00007fe27452b93c method=com.android.dx.ssa.SsaMethod.updateOneDefinition(Lcom/android/dx/ssa/SsaInsn;Lcom/android/dx/rop/code/RegisterSpec;)V @ 4
Event: 3.440 Thread 0x00007fe284146800 Uncommon trap: reason=unstable_if action=reinterpret pc=0x00007fe2744eb0c0 method=com.android.dx.ssa.SsaRenamer$BlockRenamer.visitMoveInsn(Lcom/android/dx/ssa/NormalSsaInsn;)V @ 104
Event: 4.321 Thread 0x00007fe284146800 Uncommon trap: reason=unstable_if action=reinterpret pc=0x00007fe2745cba60 method=com.android.dx.ssa.SCCP.simulateStmt(Lcom/android/dx/ssa/SsaInsn;)V @ 53
Event: 4.372 Thread 0x00007fe284146800 Uncommon trap: reason=bimorphic action=maybe_recompile pc=0x00007fe274553668 method=java.util.HashMap.putVal(ILjava/lang/Object;Ljava/lang/Object;ZZ)Ljava/lang/Object; @ 203

Internal exceptions (3 events):
Event: 0.130 Thread 0x00007fe28400a000 Exception <a 'java/lang/NoSuchMethodError': Method sun.misc.Unsafe.defineClass(Ljava/lang/String;[BII)Ljava/lang/Class; name or signature does not match> (0x00000000eab12b98) thrown at [/HUDSON/workspace/8-2-build-linux-amd64/jdk8u65/4987/hotspot/src/shar
Event: 0.130 Thread 0x00007fe28400a000 Exception <a 'java/lang/NoSuchMethodError': Method sun.misc.Unsafe.prefetchRead(Ljava/lang/Object;J)V name or signature does not match> (0x00000000eab12e80) thrown at [/HUDSON/workspace/8-2-build-linux-amd64/jdk8u65/4987/hotspot/src/share/vm/prims/jni.cpp
Event: 2.793 Thread 0x00007fe28400a000 Implicit null exception at 0x00007fe2744493b1 to 0x00007fe27444c54d

Events (10 events):
Event: 4.139 Thread 0x00007fe28400a000 DEOPT UNPACKING pc=0x00007fe2741b6633 sp=0x00007fe28a20a190 mode 0
Event: 4.321 Thread 0x00007fe284146800 Uncommon trap: trap_request=0xffffff65 fr.pc=0x00007fe2745cba60
Event: 4.321 Thread 0x00007fe284146800 DEOPT PACKING pc=0x00007fe2745cba60 sp=0x00007fe262df5e10
Event: 4.321 Thread 0x00007fe284146800 DEOPT UNPACKING pc=0x00007fe274174229 sp=0x00007fe262df5df8 mode 2
Event: 4.340 Executing VM operation: EnableBiasedLocking
Event: 4.372 Thread 0x00007fe284146800 Uncommon trap: trap_request=0xffffffc6 fr.pc=0x00007fe274553668
Event: 4.372 Thread 0x00007fe284146800 DEOPT PACKING pc=0x00007fe274553668 sp=0x00007fe262df5d50
Event: 4.372 Thread 0x00007fe284146800 DEOPT UNPACKING pc=0x00007fe274174229 sp=0x00007fe262df5cf8 mode 2
Event: 4.380 Executing VM operation: EnableBiasedLocking done
Event: 4.380 Executing VM operation: ParallelGCFailedAllocation


Dynamic libraries:
00400000-00401000 r-xp 00000000 08:03 1709722                            /home/abel/jdk1.8.0_65/bin/java
00600000-00601000 rw-p 00000000 08:03 1709722                            /home/abel/jdk1.8.0_65/bin/java
00d46000-00d67000 rw-p 00000000 00:00 0                                  [heap]
c0000000-c2800000 rw-p 00000000 00:00 0 
c2800000-eab00000 ---p 00000000 00:00 0 
eab00000-efb00000 rw-p 00000000 00:00 0 
f3f00000-100000000 ---p 00000000 00:00 0 
100000000-1000a0000 rw-p 00000000 00:00 0 
1000a0000-140000000 ---p 00000000 00:00 0 
7fe220000000-7fe220021000 rw-p 00000000 00:00 0 
7fe220021000-7fe224000000 ---p 00000000 00:00 0 
7fe228000000-7fe228021000 rw-p 00000000 00:00 0 
7fe228021000-7fe22c000000 ---p 00000000 00:00 0 
7fe22c000000-7fe22c021000 rw-p 00000000 00:00 0 
7fe22c021000-7fe230000000 ---p 00000000 00:00 0 
7fe230000000-7fe23003b000 rw-p 00000000 00:00 0 
7fe23003b000-7fe234000000 ---p 00000000 00:00 0 
7fe234000000-7fe234021000 rw-p 00000000 00:00 0 
7fe234021000-7fe238000000 ---p 00000000 00:00 0 
7fe238000000-7fe238021000 rw-p 00000000 00:00 0 
7fe238021000-7fe23c000000 ---p 00000000 00:00 0 
7fe23c000000-7fe23c021000 rw-p 00000000 00:00 0 
7fe23c021000-7fe240000000 ---p 00000000 00:00 0 
7fe240000000-7fe2409cd000 rw-p 00000000 00:00 0 
7fe2409cd000-7fe244000000 ---p 00000000 00:00 0 
7fe244000000-7fe2448bf000 rw-p 00000000 00:00 0 
7fe2448bf000-7fe248000000 ---p 00000000 00:00 0 
7fe248000000-7fe248021000 rw-p 00000000 00:00 0 
7fe248021000-7fe24c000000 ---p 00000000 00:00 0 
7fe24c000000-7fe24c83a000 rw-p 00000000 00:00 0 
7fe24c83a000-7fe250000000 ---p 00000000 00:00 0 
7fe250000000-7fe250021000 rw-p 00000000 00:00 0 
7fe250021000-7fe254000000 ---p 00000000 00:00 0 
7fe254000000-7fe254021000 rw-p 00000000 00:00 0 
7fe254021000-7fe258000000 ---p 00000000 00:00 0 
7fe258000000-7fe25828c000 rw-p 00000000 00:00 0 
7fe25828c000-7fe25c000000 ---p 00000000 00:00 0 
7fe25c000000-7fe25c021000 rw-p 00000000 00:00 0 
7fe25c021000-7fe260000000 ---p 00000000 00:00 0 
7fe2628f3000-7fe2628f6000 ---p 00000000 00:00 0 
7fe2628f6000-7fe2629f4000 rw-p 00000000 00:00 0                          [stack:12996]
7fe2629f4000-7fe2629f7000 ---p 00000000 00:00 0 
7fe2629f7000-7fe262af5000 rw-p 00000000 00:00 0                          [stack:12995]
7fe262af5000-7fe262af8000 ---p 00000000 00:00 0 
7fe262af8000-7fe262bf6000 rw-p 00000000 00:00 0                          [stack:12994]
7fe262bf6000-7fe262bf9000 ---p 00000000 00:00 0 
7fe262bf9000-7fe262cf7000 rw-p 00000000 00:00 0                          [stack:12993]
7fe262cf7000-7fe262cfa000 ---p 00000000 00:00 0 
7fe262cfa000-7fe262df8000 rw-p 00000000 00:00 0                          [stack:12992]
7fe262df8000-7fe262df9000 ---p 00000000 00:00 0 
7fe262df9000-7fe262ef9000 rw-p 00000000 00:00 0                          [stack:12991]
7fe262ef9000-7fe262efc000 ---p 00000000 00:00 0 
7fe262efc000-7fe262ffa000 rw-p 00000000 00:00 0                          [stack:12990]
7fe262ffa000-7fe262ffd000 ---p 00000000 00:00 0 
7fe262ffd000-7fe2630fb000 rw-p 00000000 00:00 0                          [stack:12989]
7fe2630fb000-7fe2630fe000 ---p 00000000 00:00 0 
7fe2630fe000-7fe2631fc000 rw-p 00000000 00:00 0                          [stack:12988]
7fe2631fc000-7fe2631ff000 ---p 00000000 00:00 0 
7fe2631ff000-7fe2632fd000 rw-p 00000000 00:00 0                          [stack:12987]
7fe2632fd000-7fe263300000 ---p 00000000 00:00 0 
7fe263300000-7fe2633fe000 rw-p 00000000 00:00 0                          [stack:12986]
7fe2633fe000-7fe2637f8000 r--p 00000000 08:03 2502952                    /usr/lib/locale/locale-archive
7fe2637f8000-7fe2637fb000 ---p 00000000 00:00 0 
7fe2637fb000-7fe2638f9000 rw-p 00000000 00:00 0                          [stack:12981]
7fe2638f9000-7fe2638fc000 ---p 00000000 00:00 0 
7fe2638fc000-7fe2639fa000 rw-p 00000000 00:00 0                          [stack:12980]
7fe2639fa000-7fe2639fb000 ---p 00000000 00:00 0 
7fe2639fb000-7fe264000000 rw-p 00000000 00:00 0                          [stack:12978]
7fe264000000-7fe264021000 rw-p 00000000 00:00 0 
7fe264021000-7fe268000000 ---p 00000000 00:00 0 
7fe268000000-7fe268021000 rw-p 00000000 00:00 0 
7fe268021000-7fe26c000000 ---p 00000000 00:00 0 
7fe26c000000-7fe26c021000 rw-p 00000000 00:00 0 
7fe26c021000-7fe270000000 ---p 00000000 00:00 0 
7fe270054000-7fe27006a000 r--s 000f1000 08:03 672390                     /home/abel/Escritorio/Radika/Samples/RadikaX/OpenGL/AirHockey1/app/build/intermediates/exploded-aar/com.android.support/support-v4/23.4.0/jars/classes.jar
7fe27006a000-7fe270079000 r--s 000df000 08:03 1594568                    /home/abel/Android/Sdk/build-tools/23.0.3/lib/dx.jar
7fe270079000-7fe270b07000 rw-p 00000000 00:00 0 
7fe270b07000-7fe270cdf000 r--s 03d20000 08:03 1709629                    /home/abel/jdk1.8.0_65/jre/lib/rt.jar
7fe270cdf000-7fe271395000 rw-p 00000000 00:00 0 
7fe271395000-7fe271555000 ---p 00000000 00:00 0 
7fe271555000-7fe273755000 rw-p 00000000 00:00 0 
7fe273755000-7fe273756000 ---p 00000000 00:00 0 
7fe273756000-7fe273856000 rw-p 00000000 00:00 0                          [stack:12975]
7fe273856000-7fe273857000 ---p 00000000 00:00 0 
7fe273857000-7fe273957000 rw-p 00000000 00:00 0                          [stack:12974]
7fe273957000-7fe273958000 ---p 00000000 00:00 0 
7fe273958000-7fe273a6c000 rw-p 00000000 00:00 0                          [stack:12973]
7fe273a6c000-7fe273bae000 ---p 00000000 00:00 0 
7fe273bae000-7fe273bc2000 rw-p 00000000 00:00 0 
7fe273bc2000-7fe273d03000 ---p 00000000 00:00 0 
7fe273d03000-7fe273d2c000 rw-p 00000000 00:00 0 
7fe273d2c000-7fe273dae000 ---p 00000000 00:00 0 
7fe273dae000-7fe273dc4000 rw-p 00000000 00:00 0 
7fe273dc4000-7fe27416f000 ---p 00000000 00:00 0 
7fe27416f000-7fe27469f000 rwxp 00000000 00:00 0 
7fe27469f000-7fe28316f000 ---p 00000000 00:00 0 
7fe28316f000-7fe283189000 r-xp 00000000 08:03 1709579                    /home/abel/jdk1.8.0_65/jre/lib/amd64/libzip.so
7fe283189000-7fe283389000 ---p 0001a000 08:03 1709579                    /home/abel/jdk1.8.0_65/jre/lib/amd64/libzip.so
7fe283389000-7fe28338a000 rw-p 0001a000 08:03 1709579                    /home/abel/jdk1.8.0_65/jre/lib/amd64/libzip.so
7fe28338a000-7fe283394000 r-xp 00000000 08:03 538042                     /lib/x86_64-linux-gnu/libnss_files-2.19.so
7fe283394000-7fe283593000 ---p 0000a000 08:03 538042                     /lib/x86_64-linux-gnu/libnss_files-2.19.so
7fe283593000-7fe283594000 r--p 00009000 08:03 538042                     /lib/x86_64-linux-gnu/libnss_files-2.19.so
7fe283594000-7fe283595000 rw-p 0000a000 08:03 538042                     /lib/x86_64-linux-gnu/libnss_files-2.19.so
7fe283595000-7fe2835a0000 r-xp 00000000 08:03 538034                     /lib/x86_64-linux-gnu/libnss_nis-2.19.so
7fe2835a0000-7fe28379f000 ---p 0000b000 08:03 538034                     /lib/x86_64-linux-gnu/libnss_nis-2.19.so
7fe28379f000-7fe2837a0000 r--p 0000a000 08:03 538034                     /lib/x86_64-linux-gnu/libnss_nis-2.19.so
7fe2837a0000-7fe2837a1000 rw-p 0000b000 08:03 538034                     /lib/x86_64-linux-gnu/libnss_nis-2.19.so
7fe2837a1000-7fe2837b8000 r-xp 00000000 08:03 535244                     /lib/x86_64-linux-gnu/libnsl-2.19.so
7fe2837b8000-7fe2839b7000 ---p 00017000 08:03 535244                     /lib/x86_64-linux-gnu/libnsl-2.19.so
7fe2839b7000-7fe2839b8000 r--p 00016000 08:03 535244                     /lib/x86_64-linux-gnu/libnsl-2.19.so
7fe2839b8000-7fe2839b9000 rw-p 00017000 08:03 535244                     /lib/x86_64-linux-gnu/libnsl-2.19.so
7fe2839b9000-7fe2839bb000 rw-p 00000000 00:00 0 
7fe2839bb000-7fe2839c4000 r-xp 00000000 08:03 535195                     /lib/x86_64-linux-gnu/libnss_compat-2.19.so
7fe2839c4000-7fe283bc3000 ---p 00009000 08:03 535195                     /lib/x86_64-linux-gnu/libnss_compat-2.19.so
7fe283bc3000-7fe283bc4000 r--p 00008000 08:03 535195                     /lib/x86_64-linux-gnu/libnss_compat-2.19.so
7fe283bc4000-7fe283bc5000 rw-p 00009000 08:03 535195                     /lib/x86_64-linux-gnu/libnss_compat-2.19.so
7fe283bc5000-7fe283bef000 r-xp 00000000 08:03 1709557                    /home/abel/jdk1.8.0_65/jre/lib/amd64/libjava.so
7fe283bef000-7fe283def000 ---p 0002a000 08:03 1709557                    /home/abel/jdk1.8.0_65/jre/lib/amd64/libjava.so
7fe283def000-7fe283df1000 rw-p 0002a000 08:03 1709557                    /home/abel/jdk1.8.0_65/jre/lib/amd64/libjava.so
7fe283df1000-7fe283dfe000 r-xp 00000000 08:03 1709573                    /home/abel/jdk1.8.0_65/jre/lib/amd64/libverify.so
7fe283dfe000-7fe283ffe000 ---p 0000d000 08:03 1709573                    /home/abel/jdk1.8.0_65/jre/lib/amd64/libverify.so
7fe283ffe000-7fe284000000 rw-p 0000d000 08:03 1709573                    /home/abel/jdk1.8.0_65/jre/lib/amd64/libverify.so
7fe284000000-7fe28438b000 rw-p 00000000 00:00 0 
7fe28438b000-7fe288000000 ---p 00000000 00:00 0 
7fe28800b000-7fe28802c000 rw-p 00000000 00:00 0 
7fe28802c000-7fe28802d000 ---p 00000000 00:00 0 
7fe28802d000-7fe28812d000 rw-p 00000000 00:00 0                          [stack:12972]
7fe28812d000-7fe288134000 r-xp 00000000 08:03 538038                     /lib/x86_64-linux-gnu/librt-2.19.so
7fe288134000-7fe288333000 ---p 00007000 08:03 538038                     /lib/x86_64-linux-gnu/librt-2.19.so
7fe288333000-7fe288334000 r--p 00006000 08:03 538038                     /lib/x86_64-linux-gnu/librt-2.19.so
7fe288334000-7fe288335000 rw-p 00007000 08:03 538038                     /lib/x86_64-linux-gnu/librt-2.19.so
7fe288335000-7fe28843a000 r-xp 00000000 08:03 535079                     /lib/x86_64-linux-gnu/libm-2.19.so
7fe28843a000-7fe288639000 ---p 00105000 08:03 535079                     /lib/x86_64-linux-gnu/libm-2.19.so
7fe288639000-7fe28863a000 r--p 00104000 08:03 535079                     /lib/x86_64-linux-gnu/libm-2.19.so
7fe28863a000-7fe28863b000 rw-p 00105000 08:03 535079                     /lib/x86_64-linux-gnu/libm-2.19.so
7fe28863b000-7fe2892f9000 r-xp 00000000 08:03 1709595                    /home/abel/jdk1.8.0_65/jre/lib/amd64/server/libjvm.so
7fe2892f9000-7fe2894f8000 ---p 00cbe000 08:03 1709595                    /home/abel/jdk1.8.0_65/jre/lib/amd64/server/libjvm.so
7fe2894f8000-7fe2895d0000 rw-p 00cbd000 08:03 1709595                    /home/abel/jdk1.8.0_65/jre/lib/amd64/server/libjvm.so
7fe2895d0000-7fe289615000 rw-p 00000000 00:00 0 
7fe289615000-7fe2897cf000 r-xp 00000000 08:03 538039                     /lib/x86_64-linux-gnu/libc-2.19.so
7fe2897cf000-7fe2899cf000 ---p 001ba000 08:03 538039                     /lib/x86_64-linux-gnu/libc-2.19.so
7fe2899cf000-7fe2899d3000 r--p 001ba000 08:03 538039                     /lib/x86_64-linux-gnu/libc-2.19.so
7fe2899d3000-7fe2899d5000 rw-p 001be000 08:03 538039                     /lib/x86_64-linux-gnu/libc-2.19.so
7fe2899d5000-7fe2899da000 rw-p 00000000 00:00 0 
7fe2899da000-7fe2899dd000 r-xp 00000000 08:03 535192                     /lib/x86_64-linux-gnu/libdl-2.19.so
7fe2899dd000-7fe289bdc000 ---p 00003000 08:03 535192                     /lib/x86_64-linux-gnu/libdl-2.19.so
7fe289bdc000-7fe289bdd000 r--p 00002000 08:03 535192                     /lib/x86_64-linux-gnu/libdl-2.19.so
7fe289bdd000-7fe289bde000 rw-p 00003000 08:03 535192                     /lib/x86_64-linux-gnu/libdl-2.19.so
7fe289bde000-7fe289bf3000 r-xp 00000000 08:03 539757                     /home/abel/jdk1.8.0_65/lib/amd64/jli/libjli.so
7fe289bf3000-7fe289df3000 ---p 00015000 08:03 539757                     /home/abel/jdk1.8.0_65/lib/amd64/jli/libjli.so
7fe289df3000-7fe289df4000 rw-p 00015000 08:03 539757                     /home/abel/jdk1.8.0_65/lib/amd64/jli/libjli.so
7fe289df4000-7fe289e0d000 r-xp 00000000 08:03 538029                     /lib/x86_64-linux-gnu/libpthread-2.19.so
7fe289e0d000-7fe28a00c000 ---p 00019000 08:03 538029                     /lib/x86_64-linux-gnu/libpthread-2.19.so
7fe28a00c000-7fe28a00d000 r--p 00018000 08:03 538029                     /lib/x86_64-linux-gnu/libpthread-2.19.so
7fe28a00d000-7fe28a00e000 rw-p 00019000 08:03 538029                     /lib/x86_64-linux-gnu/libpthread-2.19.so
7fe28a00e000-7fe28a012000 rw-p 00000000 00:00 0 
7fe28a012000-7fe28a035000 r-xp 00000000 08:03 538031                     /lib/x86_64-linux-gnu/ld-2.19.so
7fe28a03a000-7fe28a10c000 rw-p 00000000 00:00 0 
7fe28a10c000-7fe28a10f000 ---p 00000000 00:00 0 
7fe28a10f000-7fe28a211000 rw-p 00000000 00:00 0                          [stack:12970]
7fe28a213000-7fe28a228000 rw-p 00000000 00:00 0 
7fe28a228000-7fe28a230000 rw-s 00000000 08:03 1051940                    /tmp/hsperfdata_abel/12968
7fe28a230000-7fe28a231000 rw-p 00000000 00:00 0 
7fe28a231000-7fe28a232000 ---p 00000000 00:00 0 
7fe28a232000-7fe28a234000 rw-p 00000000 00:00 0 
7fe28a234000-7fe28a235000 r--p 00022000 08:03 538031                     /lib/x86_64-linux-gnu/ld-2.19.so
7fe28a235000-7fe28a236000 rw-p 00023000 08:03 538031                     /lib/x86_64-linux-gnu/ld-2.19.so
7fe28a236000-7fe28a237000 rw-p 00000000 00:00 0 
7fff04cae000-7fff04ccf000 rw-p 00000000 00:00 0                          [stack]
7fff04cd7000-7fff04cd9000 r-xp 00000000 00:00 0                          [vdso]
ffffffffff600000-ffffffffff601000 r-xp 00000000 00:00 0                  [vsyscall]

VM Arguments:
jvm_args: -Djava.awt.headless=true -Xmx1024M -Dfile.encoding=UTF-8 -Duser.country=MX -Duser.language=es -Duser.variant 
java_command: com.android.dx.command.Main --dex --num-threads=4 --output /home/abel/Escritorio/Radika/Samples/RadikaX/OpenGL/AirHockey1/app/build/intermediates/pre-dexed/debug/com.android.support-support-v4-23.4.0_ea02901d19e49cdd0866176c57dde8513c0f02a7.jar /home/abel/Escritorio/Radika/Samples/RadikaX/OpenGL/AirHockey1/app/build/intermediates/exploded-aar/com.android.support/support-v4/23.4.0/jars/classes.jar
java_class_path (initial): /home/abel/Android/Sdk/build-tools/23.0.3/lib/dx.jar
Launcher Type: SUN_STANDARD

Environment Variables:
PATH=/usr/local/sbin:/usr/local/bin:/usr/sbin:/usr/bin:/sbin:/bin:/usr/games:/usr/local/games:/home/abel/jdk1.8.0_65/jre/bin:/home/abel/jdk1.8.0_65/bin
USERNAME=abel
LD_LIBRARY_PATH=.:
SHELL=/bin/bash
DISPLAY=:0.0

Signal Handlers:
SIGSEGV: [libjvm.so+0xaba070], sa_mask[0]=11111111011111111101111111111110, sa_flags=SA_RESTART|SA_SIGINFO
SIGBUS: [libjvm.so+0xaba070], sa_mask[0]=11111111011111111101111111111110, sa_flags=SA_RESTART|SA_SIGINFO
SIGFPE: [libjvm.so+0x917630], sa_mask[0]=11111111011111111101111111111110, sa_flags=SA_RESTART|SA_SIGINFO
SIGPIPE: [libjvm.so+0x917630], sa_mask[0]=11111111011111111101111111111110, sa_flags=SA_RESTART|SA_SIGINFO
SIGXFSZ: [libjvm.so+0x917630], sa_mask[0]=11111111011111111101111111111110, sa_flags=SA_RESTART|SA_SIGINFO
SIGILL: [libjvm.so+0x917630], sa_mask[0]=11111111011111111101111111111110, sa_flags=SA_RESTART|SA_SIGINFO
SIGUSR1: SIG_DFL, sa_mask[0]=00000000000000000000000000000000, sa_flags=none
SIGUSR2: [libjvm.so+0x918c60], sa_mask[0]=00100000000000000000000000000000, sa_flags=SA_RESTART|SA_SIGINFO
SIGHUP: [libjvm.so+0x91a060], sa_mask[0]=11111111011111111101111111111110, sa_flags=SA_RESTART|SA_SIGINFO
SIGINT: [libjvm.so+0x91a060], sa_mask[0]=11111111011111111101111111111110, sa_flags=SA_RESTART|SA_SIGINFO
SIGTERM: [libjvm.so+0x91a060], sa_mask[0]=11111111011111111101111111111110, sa_flags=SA_RESTART|SA_SIGINFO
SIGQUIT: [libjvm.so+0x91a060], sa_mask[0]=11111111011111111101111111111110, sa_flags=SA_RESTART|SA_SIGINFO


---------------  S Y S T E M  ---------------

OS:DISTRIB_ID=LinuxMint
DISTRIB_RELEASE=17.1
DISTRIB_CODENAME=rebecca
DISTRIB_DESCRIPTION="Linux Mint 17.1 Rebecca"

uname:Linux 3.13.0-37-generic #64-Ubuntu SMP Mon Sep 22 21:28:38 UTC 2014 x86_64
libc:glibc 2.19 NPTL 2.19 
rlimit: STACK 8192k, CORE 0k, NPROC 30418, NOFILE 4096, AS infinity
load average:6.84 2.34 1.00

/proc/meminfo:
MemTotal:        3924736 kB
MemFree:           99584 kB
Buffers:            1184 kB
Cached:           271544 kB
SwapCached:            0 kB
Active:          3398744 kB
Inactive:         239328 kB
Active(anon):    3371116 kB
Inactive(anon):   214068 kB
Active(file):      27628 kB
Inactive(file):    25260 kB
Unevictable:           0 kB
Mlocked:               0 kB
SwapTotal:             0 kB
SwapFree:              0 kB
Dirty:              7748 kB
Writeback:             0 kB
AnonPages:       3365608 kB
Mapped:           135840 kB
Shmem:            219704 kB
Slab:              72084 kB
SReclaimable:      33424 kB
SUnreclaim:        38660 kB
KernelStack:        5384 kB
PageTables:        38812 kB
NFS_Unstable:          0 kB
Bounce:                0 kB
WritebackTmp:          0 kB
CommitLimit:     1962368 kB
Committed_AS:    6962088 kB
VmallocTotal:   34359738367 kB
VmallocUsed:      346700 kB
VmallocChunk:   34359383516 kB
HardwareCorrupted:     0 kB
AnonHugePages:   1253376 kB
HugePages_Total:       0
HugePages_Free:        0
HugePages_Rsvd:        0
HugePages_Surp:        0
Hugepagesize:       2048 kB
DirectMap4k:       99792 kB
DirectMap2M:     3973120 kB


CPU:total 4 (2 cores per cpu, 2 threads per core) family 6 model 42 stepping 7, cmov, cx8, fxsr, mmx, sse, sse2, sse3, ssse3, sse4.1, sse4.2, popcnt, avx, aes, clmul, ht, tsc, tscinvbit

/proc/cpuinfo:
processor	: 0
vendor_id	: GenuineIntel
cpu family	: 6
model		: 42
model name	: Intel(R) Core(TM) i5-2520M CPU @ 2.50GHz
stepping	: 7
microcode	: 0x23
cpu MHz		: 2501.000
cache size	: 3072 KB
physical id	: 0
siblings	: 4
core id		: 0
cpu cores	: 2
apicid		: 0
initial apicid	: 0
fpu		: yes
fpu_exception	: yes
cpuid level	: 13
wp		: yes
flags		: fpu vme de pse tsc msr pae mce cx8 apic sep mtrr pge mca cmov pat pse36 clflush dts acpi mmx fxsr sse sse2 ss ht tm pbe syscall nx rdtscp lm constant_tsc arch_perfmon pebs bts rep_good nopl xtopology nonstop_tsc aperfmperf eagerfpu pni pclmulqdq dtes64 monitor ds_cpl vmx smx est tm2 ssse3 cx16 xtpr pdcm pcid sse4_1 sse4_2 x2apic popcnt tsc_deadline_timer aes xsave avx lahf_lm ida arat epb xsaveopt pln pts dtherm tpr_shadow vnmi flexpriority ept vpid
bogomips	: 4989.16
clflush size	: 64
cache_alignment	: 64
address sizes	: 36 bits physical, 48 bits virtual
power management:

processor	: 1
vendor_id	: GenuineIntel
cpu family	: 6
model		: 42
model name	: Intel(R) Core(TM) i5-2520M CPU @ 2.50GHz
stepping	: 7
microcode	: 0x23
cpu MHz		: 2501.000
cache size	: 3072 KB
physical id	: 0
siblings	: 4
core id		: 1
cpu cores	: 2
apicid		: 2
initial apicid	: 2
fpu		: yes
fpu_exception	: yes
cpuid level	: 13
wp		: yes
flags		: fpu vme de pse tsc msr pae mce cx8 apic sep mtrr pge mca cmov pat pse36 clflush dts acpi mmx fxsr sse sse2 ss ht tm pbe syscall nx rdtscp lm constant_tsc arch_perfmon pebs bts rep_good nopl xtopology nonstop_tsc aperfmperf eagerfpu pni pclmulqdq dtes64 monitor ds_cpl vmx smx est tm2 ssse3 cx16 xtpr pdcm pcid sse4_1 sse4_2 x2apic popcnt tsc_deadline_timer aes xsave avx lahf_lm ida arat epb xsaveopt pln pts dtherm tpr_shadow vnmi flexpriority ept vpid
bogomips	: 4989.16
clflush size	: 64
cache_alignment	: 64
address sizes	: 36 bits physical, 48 bits virtual
power management:

processor	: 2
vendor_id	: GenuineIntel
cpu family	: 6
model		: 42
model name	: Intel(R) Core(TM) i5-2520M CPU @ 2.50GHz
stepping	: 7
microcode	: 0x23
cpu MHz		: 2501.000
cache size	: 3072 KB
physical id	: 0
siblings	: 4
core id		: 0
cpu cores	: 2
apicid		: 1
initial apicid	: 1
fpu		: yes
fpu_exception	: yes
cpuid level	: 13
wp		: yes
flags		: fpu vme de pse tsc msr pae mce cx8 apic sep mtrr pge mca cmov pat pse36 clflush dts acpi mmx fxsr sse sse2 ss ht tm pbe syscall nx rdtscp lm constant_tsc arch_perfmon pebs bts rep_good nopl xtopology nonstop_tsc aperfmperf eagerfpu pni pclmulqdq dtes64 monitor ds_cpl vmx smx est tm2 ssse3 cx16 xtpr pdcm pcid sse4_1 sse4_2 x2apic popcnt tsc_deadline_timer aes xsave avx lahf_lm ida arat epb xsaveopt pln pts dtherm tpr_shadow vnmi flexpriority ept vpid
bogomips	: 4989.16
clflush size	: 64
cache_alignment	: 64
address sizes	: 36 bits physical, 48 bits virtual
power management:

processor	: 3
vendor_id	: GenuineIntel
cpu family	: 6
model		: 42
model name	: Intel(R) Core(TM) i5-2520M CPU @ 2.50GHz
stepping	: 7
microcode	: 0x23
cpu MHz		: 2501.000
cache size	: 3072 KB
physical id	: 0
siblings	: 4
core id		: 1
cpu cores	: 2
apicid		: 3
initial apicid	: 3
fpu		: yes
fpu_exception	: yes
cpuid level	: 13
wp		: yes
flags		: fpu vme de pse tsc msr pae mce cx8 apic sep mtrr pge mca cmov pat pse36 clflush dts acpi mmx fxsr sse sse2 ss ht tm pbe syscall nx rdtscp lm constant_tsc arch_perfmon pebs bts rep_good nopl xtopology nonstop_tsc aperfmperf eagerfpu pni pclmulqdq dtes64 monitor ds_cpl vmx smx est tm2 ssse3 cx16 xtpr pdcm pcid sse4_1 sse4_2 x2apic popcnt tsc_deadline_timer aes xsave avx lahf_lm ida arat epb xsaveopt pln pts dtherm tpr_shadow vnmi flexpriority ept vpid
bogomips	: 4989.16
clflush size	: 64
cache_alignment	: 64
address sizes	: 36 bits physical, 48 bits virtual
power management:



Memory: 4k page, physical 3924736k(99584k free), swap 0k(0k free)

vm_info: Java HotSpot(TM) 64-Bit Server VM (25.65-b01) for linux-amd64 JRE (1.8.0_65-b17), built on Oct  6 2015 17:16:12 by "java_re" with gcc 4.3.0 20080428 (Red Hat 4.3.0-8)

time: Fri Aug 19 13:34:27 2016
elapsed time: 4 seconds (0d 0h 0m 4s)

