#
# There is insufficient memory for the Java Runtime Environment to continue.
# Native memory allocation (mmap) failed to map 139460608 bytes for committing reserved memory.
# Possible reasons:
#   The system is out of physical RAM or swap space
#   In 32 bit mode, the process size limit was hit
# Possible solutions:
#   Reduce memory load on the system
#   Increase physical memory or swap space
#   Check if swap backing store is full
#   Use 64 bit Java on a 64 bit OS
#   Decrease Java heap size (-Xmx/-Xms)
#   Decrease number of Java threads
#   Decrease Java thread stack sizes (-Xss)
#   Set larger code cache with -XX:ReservedCodeCacheSize=
# This output file may be truncated or incomplete.
#
#  Out of Memory Error (os_linux.cpp:2627), pid=12663, tid=140673733879552
#
# JRE version: Java(TM) SE Runtime Environment (8.0_65-b17) (build 1.8.0_65-b17)
# Java VM: Java HotSpot(TM) 64-Bit Server VM (25.65-b01 mixed mode linux-amd64 compressed oops)
# Failed to write core dump. Core dumps have been disabled. To enable core dumping, try "ulimit -c unlimited" before starting Java again
#

---------------  T H R E A D  ---------------

Current thread (0x00007ff140078000):  VMThread [stack: 0x00007ff127dfe000,0x00007ff127eff000] [id=12703]

Stack: [0x00007ff127dfe000,0x00007ff127eff000],  sp=0x00007ff127efd160,  free space=1020k
Native frames: (J=compiled Java code, j=interpreted, Vv=VM code, C=native code)
V  [libjvm.so+0xab97ea]  VMError::report_and_die()+0x2ba
V  [libjvm.so+0x4f9dcb]  report_vm_out_of_memory(char const*, int, unsigned long, VMErrorType, char const*)+0x8b
V  [libjvm.so+0x91a7c3]  os::Linux::commit_memory_impl(char*, unsigned long, bool)+0x103
V  [libjvm.so+0x91ad19]  os::pd_commit_memory(char*, unsigned long, unsigned long, bool)+0x29
V  [libjvm.so+0x91502a]  os::commit_memory(char*, unsigned long, unsigned long, bool)+0x2a
V  [libjvm.so+0x9886d3]  PSVirtualSpace::expand_by(unsigned long)+0x53
V  [libjvm.so+0x989ad8]  PSYoungGen::resize_generation(unsigned long, unsigned long)+0xf8
V  [libjvm.so+0x988c32]  PSYoungGen::resize(unsigned long, unsigned long)+0x22
V  [libjvm.so+0x985f0b]  PSScavenge::invoke_no_policy()+0xf3b
V  [libjvm.so+0x986691]  PSScavenge::invoke()+0x41
V  [libjvm.so+0x93e430]  ParallelScavengeHeap::failed_mem_allocate(unsigned long)+0x70
V  [libjvm.so+0xabb207]  VM_ParallelGCFailedAllocation::doit()+0x97
V  [libjvm.so+0xac2c35]  VM_Operation::evaluate()+0x55
V  [libjvm.so+0xac100a]  VMThread::evaluate_operation(VM_Operation*)+0xba
V  [libjvm.so+0xac138e]  VMThread::loop()+0x1ce
V  [libjvm.so+0xac1800]  VMThread::run()+0x70
V  [libjvm.so+0x91cb88]  java_start(Thread*)+0x108

VM_Operation (0x00007ff126df5550): ParallelGCFailedAllocation, mode: safepoint, requested by thread 0x00007ff14018d800


---------------  P R O C E S S  ---------------

Java Threads: ( => current thread )
  0x00007ff14018d800 JavaThread "pool-1-thread-4" [_thread_blocked, id=12756, stack(0x00007ff126cf7000,0x00007ff126df8000)]
  0x00007ff14018c000 JavaThread "pool-1-thread-3" [_thread_blocked, id=12755, stack(0x00007ff126df8000,0x00007ff126ef9000)]
  0x00007ff140189000 JavaThread "pool-2-thread-1" [_thread_blocked, id=12753, stack(0x00007ff126ffa000,0x00007ff1270fb000)]
  0x00007ff1400c0000 JavaThread "Service Thread" daemon [_thread_blocked, id=12734, stack(0x00007ff1272fd000,0x00007ff1273fe000)]
  0x00007ff1400bb000 JavaThread "C1 CompilerThread2" daemon [_thread_blocked, id=12732, stack(0x00007ff1273fe000,0x00007ff1274ff000)]
  0x00007ff1400b9000 JavaThread "C2 CompilerThread1" daemon [_thread_blocked, id=12726, stack(0x00007ff1274ff000,0x00007ff127600000)]
  0x00007ff1400b6000 JavaThread "C2 CompilerThread0" daemon [_thread_blocked, id=12719, stack(0x00007ff127600000,0x00007ff127701000)]
  0x00007ff1400b4800 JavaThread "Signal Dispatcher" daemon [_thread_blocked, id=12716, stack(0x00007ff127701000,0x00007ff127802000)]
  0x00007ff14007f000 JavaThread "Finalizer" daemon [_thread_blocked, id=12709, stack(0x00007ff127bfc000,0x00007ff127cfd000)]
  0x00007ff14007d000 JavaThread "Reference Handler" daemon [_thread_blocked, id=12706, stack(0x00007ff127cfd000,0x00007ff127dfe000)]
  0x00007ff14000a000 JavaThread "main" [_thread_blocked, id=12682, stack(0x00007ff14656c000,0x00007ff14666d000)]

Other Threads:
=>0x00007ff140078000 VMThread [stack: 0x00007ff127dfe000,0x00007ff127eff000] [id=12703]
  0x00007ff1400c2800 WatcherThread [stack: 0x00007ff1271fc000,0x00007ff1272fd000] [id=12735]

VM state:at safepoint (normal execution)

VM Mutex/Monitor currently owned by a thread:  ([mutex/lock_event])
[0x00007ff1400064d0] Threads_lock - owner thread: 0x00007ff140078000
[0x00007ff1400069d0] Heap_lock - owner thread: 0x00007ff14018d800

Heap:
 PSYoungGen      total 135680K, used 14321K [0x00000000eab00000, 0x00000000f3f00000, 0x0000000100000000)
  eden space 121344K, 0% used [0x00000000eab00000,0x00000000eab00000,0x00000000f2180000)
  from space 14336K, 99% used [0x00000000f2180000,0x00000000f2f7c680,0x00000000f2f80000)
  to   space 12800K, 0% used [0x00000000f2f80000,0x00000000f2f80000,0x00000000f3c00000)
 ParOldGen       total 40960K, used 33015K [0x00000000c0000000, 0x00000000c2800000, 0x00000000eab00000)
  object space 40960K, 80% used [0x00000000c0000000,0x00000000c203ddc8,0x00000000c2800000)
 Metaspace       used 6300K, capacity 7192K, committed 7424K, reserved 1056768K
  class space    used 615K, capacity 656K, committed 768K, reserved 1048576K

Card table byte_map: [0x00007ff12ffe9000,0x00007ff1301ea000] byte_map_base: 0x00007ff12f9e9000

Marking Bits: (ParMarkBitMap*) 0x00007ff145a49de0
 Begin Bits: [0x00007ff12db90000, 0x00007ff12eb90000)
 End Bits:   [0x00007ff12eb90000, 0x00007ff12fb90000)

Polling page: 0x00007ff146691000

CodeCache: size=245760Kb used=6715Kb max_used=6733Kb free=239044Kb
 bounds [0x00007ff1305aa000, 0x00007ff130c4a000, 0x00007ff13f5aa000]
 total_blobs=2023 nmethods=1754 adapters=182
 compilation: enabled

Compilation events (10 events):
Event: 7.389 Thread 0x00007ff1400bb000 nmethod 2127 0x00007ff130c37890 code [0x00007ff130c37a00, 0x00007ff130c37b88]
Event: 7.389 Thread 0x00007ff1400bb000 2129       2       com.android.dx.cf.direct.DirectClassFile::getMagic0 (9 bytes)
Event: 7.389 Thread 0x00007ff1400bb000 nmethod 2129 0x00007ff130c37c50 code [0x00007ff130c37dc0, 0x00007ff130c37f48]
Event: 7.389 Thread 0x00007ff1400bb000 2130       2       com.android.dx.command.dexer.Main::access$1400 (4 bytes)
Event: 7.389 Thread 0x00007ff1400bb000 nmethod 2130 0x00007ff130c38010 code [0x00007ff130c38160, 0x00007ff130c38290]
Event: 7.389 Thread 0x00007ff1400bb000 2131       2       java.util.concurrent.AbstractExecutorService::submit (25 bytes)
Event: 7.390 Thread 0x00007ff1400bb000 nmethod 2131 0x00007ff130c38310 code [0x00007ff130c384a0, 0x00007ff130c38808]
Event: 7.390 Thread 0x00007ff1400bb000 2132       2       java.util.concurrent.AbstractExecutorService::newTaskFor (9 bytes)
Event: 7.418 Thread 0x00007ff1400b9000 nmethod 1525 0x00007ff130c3d1d0 code [0x00007ff130c3d560, 0x00007ff130c3f0a0]
Event: 7.418 Thread 0x00007ff1400b9000 1656       4       com.android.dx.ssa.back.LivenessAnalyzer::run (231 bytes)

GC Heap History (10 events):
Event: 2.433 GC heap after
Heap after GC invocations=2 (full 0):
 PSYoungGen      total 33280K, used 2529K [0x00000000eab00000, 0x00000000ece00000, 0x0000000100000000)
  eden space 30720K, 0% used [0x00000000eab00000,0x00000000eab00000,0x00000000ec900000)
  from space 2560K, 98% used [0x00000000ecb80000,0x00000000ecdf86b8,0x00000000ece00000)
  to   space 2560K, 0% used [0x00000000ec900000,0x00000000ec900000,0x00000000ecb80000)
 ParOldGen       total 40960K, used 2456K [0x00000000c0000000, 0x00000000c2800000, 0x00000000eab00000)
  object space 40960K, 5% used [0x00000000c0000000,0x00000000c02661f8,0x00000000c2800000)
 Metaspace       used 5756K, capacity 6768K, committed 7040K, reserved 1056768K
  class space    used 592K, capacity 616K, committed 640K, reserved 1048576K
}
Event: 3.848 GC heap before
{Heap before GC invocations=3 (full 0):
 PSYoungGen      total 33280K, used 33249K [0x00000000eab00000, 0x00000000ece00000, 0x0000000100000000)
  eden space 30720K, 100% used [0x00000000eab00000,0x00000000ec900000,0x00000000ec900000)
  from space 2560K, 98% used [0x00000000ecb80000,0x00000000ecdf86b8,0x00000000ece00000)
  to   space 2560K, 0% used [0x00000000ec900000,0x00000000ec900000,0x00000000ecb80000)
 ParOldGen       total 40960K, used 2456K [0x00000000c0000000, 0x00000000c2800000, 0x00000000eab00000)
  object space 40960K, 5% used [0x00000000c0000000,0x00000000c02661f8,0x00000000c2800000)
 Metaspace       used 5915K, capacity 6896K, committed 7040K, reserved 1056768K
  class space    used 592K, capacity 616K, committed 640K, reserved 1048576K
Event: 3.883 GC heap after
Heap after GC invocations=3 (full 0):
 PSYoungGen      total 33280K, used 2536K [0x00000000eab00000, 0x00000000eec00000, 0x0000000100000000)
  eden space 30720K, 0% used [0x00000000eab00000,0x00000000eab00000,0x00000000ec900000)
  from space 2560K, 99% used [0x00000000ec900000,0x00000000ecb7a1b0,0x00000000ecb80000)
  to   space 2560K, 0% used [0x00000000ee980000,0x00000000ee980000,0x00000000eec00000)
 ParOldGen       total 40960K, used 7101K [0x00000000c0000000, 0x00000000c2800000, 0x00000000eab00000)
  object space 40960K, 17% used [0x00000000c0000000,0x00000000c06ef4f0,0x00000000c2800000)
 Metaspace       used 5915K, capacity 6896K, committed 7040K, reserved 1056768K
  class space    used 592K, capacity 616K, committed 640K, reserved 1048576K
}
Event: 4.406 GC heap before
{Heap before GC invocations=4 (full 0):
 PSYoungGen      total 33280K, used 33256K [0x00000000eab00000, 0x00000000eec00000, 0x0000000100000000)
  eden space 30720K, 100% used [0x00000000eab00000,0x00000000ec900000,0x00000000ec900000)
  from space 2560K, 99% used [0x00000000ec900000,0x00000000ecb7a1b0,0x00000000ecb80000)
  to   space 2560K, 0% used [0x00000000ee980000,0x00000000ee980000,0x00000000eec00000)
 ParOldGen       total 40960K, used 7101K [0x00000000c0000000, 0x00000000c2800000, 0x00000000eab00000)
  object space 40960K, 17% used [0x00000000c0000000,0x00000000c06ef4f0,0x00000000c2800000)
 Metaspace       used 5918K, capacity 6896K, committed 7040K, reserved 1056768K
  class space    used 592K, capacity 616K, committed 640K, reserved 1048576K
Event: 4.438 GC heap after
Heap after GC invocations=4 (full 0):
 PSYoungGen      total 64000K, used 2536K [0x00000000eab00000, 0x00000000eec00000, 0x0000000100000000)
  eden space 61440K, 0% used [0x00000000eab00000,0x00000000eab00000,0x00000000ee700000)
  from space 2560K, 99% used [0x00000000ee980000,0x00000000eebfa378,0x00000000eec00000)
  to   space 2560K, 0% used [0x00000000ee700000,0x00000000ee700000,0x00000000ee980000)
 ParOldGen       total 40960K, used 11812K [0x00000000c0000000, 0x00000000c2800000, 0x00000000eab00000)
  object space 40960K, 28% used [0x00000000c0000000,0x00000000c0b89268,0x00000000c2800000)
 Metaspace       used 5918K, capacity 6896K, committed 7040K, reserved 1056768K
  class space    used 592K, capacity 616K, committed 640K, reserved 1048576K
}
Event: 5.375 GC heap before
{Heap before GC invocations=5 (full 0):
 PSYoungGen      total 64000K, used 63976K [0x00000000eab00000, 0x00000000eec00000, 0x0000000100000000)
  eden space 61440K, 100% used [0x00000000eab00000,0x00000000ee700000,0x00000000ee700000)
  from space 2560K, 99% used [0x00000000ee980000,0x00000000eebfa378,0x00000000eec00000)
  to   space 2560K, 0% used [0x00000000ee700000,0x00000000ee700000,0x00000000ee980000)
 ParOldGen       total 40960K, used 11812K [0x00000000c0000000, 0x00000000c2800000, 0x00000000eab00000)
  object space 40960K, 28% used [0x00000000c0000000,0x00000000c0b89268,0x00000000c2800000)
 Metaspace       used 6050K, capacity 7000K, committed 7168K, reserved 1056768K
  class space    used 613K, capacity 656K, committed 768K, reserved 1048576K
Event: 5.464 GC heap after
Heap after GC invocations=5 (full 0):
 PSYoungGen      total 64000K, used 2541K [0x00000000eab00000, 0x00000000f3c00000, 0x0000000100000000)
  eden space 61440K, 0% used [0x00000000eab00000,0x00000000eab00000,0x00000000ee700000)
  from space 2560K, 99% used [0x00000000ee700000,0x00000000ee97b660,0x00000000ee980000)
  to   space 12800K, 0% used [0x00000000f2f80000,0x00000000f2f80000,0x00000000f3c00000)
 ParOldGen       total 40960K, used 21192K [0x00000000c0000000, 0x00000000c2800000, 0x00000000eab00000)
  object space 40960K, 51% used [0x00000000c0000000,0x00000000c14b2368,0x00000000c2800000)
 Metaspace       used 6050K, capacity 7000K, committed 7168K, reserved 1056768K
  class space    used 613K, capacity 656K, committed 768K, reserved 1048576K
}
Event: 6.273 GC heap before
{Heap before GC invocations=6 (full 0):
 PSYoungGen      total 64000K, used 63981K [0x00000000eab00000, 0x00000000f3c00000, 0x0000000100000000)
  eden space 61440K, 100% used [0x00000000eab00000,0x00000000ee700000,0x00000000ee700000)
  from space 2560K, 99% used [0x00000000ee700000,0x00000000ee97b660,0x00000000ee980000)
  to   space 12800K, 0% used [0x00000000f2f80000,0x00000000f2f80000,0x00000000f3c00000)
 ParOldGen       total 40960K, used 21192K [0x00000000c0000000, 0x00000000c2800000, 0x00000000eab00000)
  object space 40960K, 51% used [0x00000000c0000000,0x00000000c14b2368,0x00000000c2800000)
 Metaspace       used 6121K, capacity 7064K, committed 7424K, reserved 1056768K
  class space    used 613K, capacity 656K, committed 768K, reserved 1048576K
Event: 6.350 GC heap after
Heap after GC invocations=6 (full 0):
 PSYoungGen      total 134144K, used 10853K [0x00000000eab00000, 0x00000000f3f00000, 0x0000000100000000)
  eden space 121344K, 0% used [0x00000000eab00000,0x00000000eab00000,0x00000000f2180000)
  from space 12800K, 84% used [0x00000000f2f80000,0x00000000f3a19680,0x00000000f3c00000)
  to   space 14336K, 0% used [0x00000000f2180000,0x00000000f2180000,0x00000000f2f80000)
 ParOldGen       total 40960K, used 21192K [0x00000000c0000000, 0x00000000c2800000, 0x00000000eab00000)
  object space 40960K, 51% used [0x00000000c0000000,0x00000000c14b2368,0x00000000c2800000)
 Metaspace       used 6121K, capacity 7064K, committed 7424K, reserved 1056768K
  class space    used 613K, capacity 656K, committed 768K, reserved 1048576K
}
Event: 7.427 GC heap before
{Heap before GC invocations=7 (full 0):
 PSYoungGen      total 134144K, used 132197K [0x00000000eab00000, 0x00000000f3f00000, 0x0000000100000000)
  eden space 121344K, 100% used [0x00000000eab00000,0x00000000f2180000,0x00000000f2180000)
  from space 12800K, 84% used [0x00000000f2f80000,0x00000000f3a19680,0x00000000f3c00000)
  to   space 14336K, 0% used [0x00000000f2180000,0x00000000f2180000,0x00000000f2f80000)
 ParOldGen       total 40960K, used 21192K [0x00000000c0000000, 0x00000000c2800000, 0x00000000eab00000)
  object space 40960K, 51% used [0x00000000c0000000,0x00000000c14b2368,0x00000000c2800000)
 Metaspace       used 6300K, capacity 7192K, committed 7424K, reserved 1056768K
  class space    used 615K, capacity 656K, committed 768K, reserved 1048576K

Deoptimization events (10 events):
Event: 3.119 Thread 0x00007ff14000a000 Uncommon trap: reason=unstable_if action=reinterpret pc=0x00007ff1307ce69c method=com.android.dx.rop.cst.Constant.compareTo(Lcom/android/dx/rop/cst/Constant;)I @ 12
Event: 4.048 Thread 0x00007ff14018c000 Uncommon trap: reason=bimorphic action=maybe_recompile pc=0x00007ff13093b7dc method=java.util.HashMap.putVal(ILjava/lang/Object;Ljava/lang/Object;ZZ)Ljava/lang/Object; @ 203
Event: 4.457 Thread 0x00007ff14018d800 Uncommon trap: reason=unstable_if action=reinterpret pc=0x00007ff13093ed84 method=com.android.dx.util.IntList.binarysearch(I)I @ 105
Event: 4.631 Thread 0x00007ff14000a000 Uncommon trap: reason=unstable_if action=reinterpret pc=0x00007ff1308a49bc method=java.util.HashMap.putVal(ILjava/lang/Object;Ljava/lang/Object;ZZ)Ljava/lang/Object; @ 162
Event: 4.684 Thread 0x00007ff14000a000 Uncommon trap: reason=unstable_if action=reinterpret pc=0x00007ff1308bf92c method=java.util.HashMap.getNode(ILjava/lang/Object;)Ljava/util/HashMap$Node; @ 84
Event: 4.705 Thread 0x00007ff14018a800 Uncommon trap: reason=unstable_if action=reinterpret pc=0x00007ff13093fabc method=com.android.dx.ssa.SsaMethod.updateOneDefinition(Lcom/android/dx/ssa/SsaInsn;Lcom/android/dx/rop/code/RegisterSpec;)V @ 4
Event: 5.309 Thread 0x00007ff14018d800 Uncommon trap: reason=unstable_if action=reinterpret pc=0x00007ff130a77004 method=com.android.dx.ssa.SCCP.simulateStmt(Lcom/android/dx/ssa/SsaInsn;)V @ 53
Event: 5.332 Thread 0x00007ff14018a800 Uncommon trap: reason=unstable_if action=reinterpret pc=0x00007ff1307cdf74 method=java.util.HashMap.getNode(ILjava/lang/Object;)Ljava/util/HashMap$Node; @ 84
Event: 5.668 Thread 0x00007ff14018d800 Uncommon trap: reason=unstable_if action=reinterpret pc=0x00007ff13093b74c method=java.util.HashMap.putVal(ILjava/lang/Object;Ljava/lang/Object;ZZ)Ljava/lang/Object; @ 109
Event: 6.861 Thread 0x00007ff14018a800 Uncommon trap: reason=unstable_if action=reinterpret pc=0x00007ff13091c388 method=com.android.dx.dex.code.OutputFinisher.hasLocalInfo(Lcom/android/dx/dex/code/DalvInsn;)Z @ 24

Internal exceptions (5 events):
Event: 0.105 Thread 0x00007ff14000a000 Exception <a 'java/lang/NoSuchMethodError': Method sun.misc.Unsafe.defineClass(Ljava/lang/String;[BII)Ljava/lang/Class; name or signature does not match> (0x00000000eab12848) thrown at [/HUDSON/workspace/8-2-build-linux-amd64/jdk8u65/4987/hotspot/src/shar
Event: 0.105 Thread 0x00007ff14000a000 Exception <a 'java/lang/NoSuchMethodError': Method sun.misc.Unsafe.prefetchRead(Ljava/lang/Object;J)V name or signature does not match> (0x00000000eab12b30) thrown at [/HUDSON/workspace/8-2-build-linux-amd64/jdk8u65/4987/hotspot/src/share/vm/prims/jni.cpp
Event: 4.669 Thread 0x00007ff14000a000 Exception <a 'java/lang/ArrayIndexOutOfBoundsException': 18> (0x00000000ebc49950) thrown at [/HUDSON/workspace/8-2-build-linux-amd64/jdk8u65/4987/hotspot/src/share/vm/interpreter/interpreterRuntime.cpp, line 366]
Event: 4.670 Thread 0x00007ff14000a000 Exception <a 'java/lang/ArrayIndexOutOfBoundsException': 145> (0x00000000ebc4b4d0) thrown at [/HUDSON/workspace/8-2-build-linux-amd64/jdk8u65/4987/hotspot/src/share/vm/interpreter/interpreterRuntime.cpp, line 366]
Event: 4.673 Thread 0x00007ff14000a000 Exception <a 'java/lang/ArrayIndexOutOfBoundsException': 40> (0x00000000ebc4c7b8) thrown at [/HUDSON/workspace/8-2-build-linux-amd64/jdk8u65/4987/hotspot/src/share/vm/interpreter/interpreterRuntime.cpp, line 366]

Events (10 events):
Event: 7.394 Thread 0x00007ff14018c000 DEOPT UNPACKING pc=0x00007ff1305f1633 sp=0x00007ff126ef66f8 mode 0
Event: 7.396 Thread 0x00007ff14018c000 DEOPT PACKING pc=0x00007ff13084aa37 sp=0x00007ff126ef6c30
Event: 7.396 Thread 0x00007ff14018c000 DEOPT UNPACKING pc=0x00007ff1305f1633 sp=0x00007ff126ef69c0 mode 0
Event: 7.407 loading class java/util/HashMap$KeySet
Event: 7.408 loading class java/util/HashMap$KeySet done
Event: 7.408 loading class java/util/HashMap$KeyIterator
Event: 7.408 loading class java/util/HashMap$KeyIterator done
Event: 7.421 Thread 0x00007ff14018a800 Thread exited: 0x00007ff14018a800
Event: 7.425 Thread 0x00007ff140186800 Thread exited: 0x00007ff140186800
Event: 7.427 Executing VM operation: ParallelGCFailedAllocation


Dynamic libraries:
00400000-00401000 r-xp 00000000 08:03 1709722                            /home/abel/jdk1.8.0_65/bin/java
00600000-00601000 rw-p 00000000 08:03 1709722                            /home/abel/jdk1.8.0_65/bin/java
00f7c000-00f9d000 rw-p 00000000 00:00 0                                  [heap]
c0000000-c2800000 rw-p 00000000 00:00 0 
c2800000-eab00000 ---p 00000000 00:00 0 
eab00000-f3f00000 rw-p 00000000 00:00 0 
fc400000-100000000 ---p 00000000 00:00 0 
100000000-1000c0000 rw-p 00000000 00:00 0 
1000c0000-140000000 ---p 00000000 00:00 0 
7ff0e0000000-7ff0e0043000 rw-p 00000000 00:00 0 
7ff0e0043000-7ff0e4000000 ---p 00000000 00:00 0 
7ff0e4000000-7ff0e4039000 rw-p 00000000 00:00 0 
7ff0e4039000-7ff0e8000000 ---p 00000000 00:00 0 
7ff0e8000000-7ff0e8021000 rw-p 00000000 00:00 0 
7ff0e8021000-7ff0ec000000 ---p 00000000 00:00 0 
7ff0ec000000-7ff0ec037000 rw-p 00000000 00:00 0 
7ff0ec037000-7ff0f0000000 ---p 00000000 00:00 0 
7ff0f0000000-7ff0f0021000 rw-p 00000000 00:00 0 
7ff0f0021000-7ff0f4000000 ---p 00000000 00:00 0 
7ff0f4000000-7ff0f4033000 rw-p 00000000 00:00 0 
7ff0f4033000-7ff0f8000000 ---p 00000000 00:00 0 
7ff0f8000000-7ff0f89f5000 rw-p 00000000 00:00 0 
7ff0f89f5000-7ff0fc000000 ---p 00000000 00:00 0 
7ff0fc000000-7ff0fc021000 rw-p 00000000 00:00 0 
7ff0fc021000-7ff100000000 ---p 00000000 00:00 0 
7ff100000000-7ff100d4d000 rw-p 00000000 00:00 0 
7ff100d4d000-7ff104000000 ---p 00000000 00:00 0 
7ff104000000-7ff104a3e000 rw-p 00000000 00:00 0 
7ff104a3e000-7ff108000000 ---p 00000000 00:00 0 
7ff108000000-7ff108021000 rw-p 00000000 00:00 0 
7ff108021000-7ff10c000000 ---p 00000000 00:00 0 
7ff10c000000-7ff10c021000 rw-p 00000000 00:00 0 
7ff10c021000-7ff110000000 ---p 00000000 00:00 0 
7ff110000000-7ff11029c000 rw-p 00000000 00:00 0 
7ff11029c000-7ff114000000 ---p 00000000 00:00 0 
7ff114000000-7ff114021000 rw-p 00000000 00:00 0 
7ff114021000-7ff118000000 ---p 00000000 00:00 0 
7ff118000000-7ff118021000 rw-p 00000000 00:00 0 
7ff118021000-7ff11c000000 ---p 00000000 00:00 0 
7ff11c000000-7ff11c021000 rw-p 00000000 00:00 0 
7ff11c021000-7ff120000000 ---p 00000000 00:00 0 
7ff120000000-7ff120021000 rw-p 00000000 00:00 0 
7ff120021000-7ff124000000 ---p 00000000 00:00 0 
7ff126cf7000-7ff126cfa000 ---p 00000000 00:00 0 
7ff126cfa000-7ff126df8000 rw-p 00000000 00:00 0                          [stack:12756]
7ff126df8000-7ff126dfb000 ---p 00000000 00:00 0 
7ff126dfb000-7ff126ef9000 rw-p 00000000 00:00 0                          [stack:12755]
7ff126ef9000-7ff126efc000 ---p 00000000 00:00 0 
7ff126efc000-7ff126ffa000 rw-p 00000000 00:00 0 
7ff126ffa000-7ff126ffd000 ---p 00000000 00:00 0 
7ff126ffd000-7ff1270fb000 rw-p 00000000 00:00 0                          [stack:12753]
7ff1270fb000-7ff1270fe000 ---p 00000000 00:00 0 
7ff1270fe000-7ff1271fc000 rw-p 00000000 00:00 0 
7ff1271fc000-7ff1271fd000 ---p 00000000 00:00 0 
7ff1271fd000-7ff1272fd000 rw-p 00000000 00:00 0                          [stack:12735]
7ff1272fd000-7ff127300000 ---p 00000000 00:00 0 
7ff127300000-7ff1273fe000 rw-p 00000000 00:00 0                          [stack:12734]
7ff1273fe000-7ff127401000 ---p 00000000 00:00 0 
7ff127401000-7ff1274ff000 rw-p 00000000 00:00 0                          [stack:12732]
7ff1274ff000-7ff127502000 ---p 00000000 00:00 0 
7ff127502000-7ff127600000 rw-p 00000000 00:00 0                          [stack:12726]
7ff127600000-7ff127603000 ---p 00000000 00:00 0 
7ff127603000-7ff127701000 rw-p 00000000 00:00 0                          [stack:12719]
7ff127701000-7ff127704000 ---p 00000000 00:00 0 
7ff127704000-7ff127802000 rw-p 00000000 00:00 0                          [stack:12716]
7ff127802000-7ff127bfc000 r--p 00000000 08:03 2502952                    /usr/lib/locale/locale-archive
7ff127bfc000-7ff127bff000 ---p 00000000 00:00 0 
7ff127bff000-7ff127cfd000 rw-p 00000000 00:00 0                          [stack:12709]
7ff127cfd000-7ff127d00000 ---p 00000000 00:00 0 
7ff127d00000-7ff127dfe000 rw-p 00000000 00:00 0                          [stack:12706]
7ff127dfe000-7ff127dff000 ---p 00000000 00:00 0 
7ff127dff000-7ff128000000 rw-p 00000000 00:00 0                          [stack:12703]
7ff128000000-7ff128021000 rw-p 00000000 00:00 0 
7ff128021000-7ff12c000000 ---p 00000000 00:00 0 
7ff12c0d1000-7ff12cf42000 rw-p 00000000 00:00 0 
7ff12cf42000-7ff12d11a000 r--s 03d20000 08:03 1709629                    /home/abel/jdk1.8.0_65/jre/lib/rt.jar
7ff12d11a000-7ff12d810000 rw-p 00000000 00:00 0 
7ff12d810000-7ff12d990000 ---p 00000000 00:00 0 
7ff12d990000-7ff12fb90000 rw-p 00000000 00:00 0 
7ff12fb90000-7ff12fb91000 ---p 00000000 00:00 0 
7ff12fb91000-7ff12fc91000 rw-p 00000000 00:00 0                          [stack:12697]
7ff12fc91000-7ff12fc92000 ---p 00000000 00:00 0 
7ff12fc92000-7ff12fd92000 rw-p 00000000 00:00 0                          [stack:12696]
7ff12fd92000-7ff12fd93000 ---p 00000000 00:00 0 
7ff12fd93000-7ff12fea7000 rw-p 00000000 00:00 0                          [stack:12692]
7ff12fea7000-7ff12ffe9000 ---p 00000000 00:00 0 
7ff12ffe9000-7ff12fffd000 rw-p 00000000 00:00 0 
7ff12fffd000-7ff13013e000 ---p 00000000 00:00 0 
7ff13013e000-7ff130189000 rw-p 00000000 00:00 0 
7ff130189000-7ff1301e9000 ---p 00000000 00:00 0 
7ff1301e9000-7ff130205000 rw-p 00000000 00:00 0 
7ff130205000-7ff1305aa000 ---p 00000000 00:00 0 
7ff1305aa000-7ff130c4a000 rwxp 00000000 00:00 0 
7ff130c4a000-7ff13f5aa000 ---p 00000000 00:00 0 
7ff13f5aa000-7ff13f5c4000 r-xp 00000000 08:03 1709579                    /home/abel/jdk1.8.0_65/jre/lib/amd64/libzip.so
7ff13f5c4000-7ff13f7c4000 ---p 0001a000 08:03 1709579                    /home/abel/jdk1.8.0_65/jre/lib/amd64/libzip.so
7ff13f7c4000-7ff13f7c5000 rw-p 0001a000 08:03 1709579                    /home/abel/jdk1.8.0_65/jre/lib/amd64/libzip.so
7ff13f7c5000-7ff13f7cf000 r-xp 00000000 08:03 538042                     /lib/x86_64-linux-gnu/libnss_files-2.19.so
7ff13f7cf000-7ff13f9ce000 ---p 0000a000 08:03 538042                     /lib/x86_64-linux-gnu/libnss_files-2.19.so
7ff13f9ce000-7ff13f9cf000 r--p 00009000 08:03 538042                     /lib/x86_64-linux-gnu/libnss_files-2.19.so
7ff13f9cf000-7ff13f9d0000 rw-p 0000a000 08:03 538042                     /lib/x86_64-linux-gnu/libnss_files-2.19.so
7ff13f9d0000-7ff13f9db000 r-xp 00000000 08:03 538034                     /lib/x86_64-linux-gnu/libnss_nis-2.19.so
7ff13f9db000-7ff13fbda000 ---p 0000b000 08:03 538034                     /lib/x86_64-linux-gnu/libnss_nis-2.19.so
7ff13fbda000-7ff13fbdb000 r--p 0000a000 08:03 538034                     /lib/x86_64-linux-gnu/libnss_nis-2.19.so
7ff13fbdb000-7ff13fbdc000 rw-p 0000b000 08:03 538034                     /lib/x86_64-linux-gnu/libnss_nis-2.19.so
7ff13fbdc000-7ff13fbf3000 r-xp 00000000 08:03 535244                     /lib/x86_64-linux-gnu/libnsl-2.19.so
7ff13fbf3000-7ff13fdf2000 ---p 00017000 08:03 535244                     /lib/x86_64-linux-gnu/libnsl-2.19.so
7ff13fdf2000-7ff13fdf3000 r--p 00016000 08:03 535244                     /lib/x86_64-linux-gnu/libnsl-2.19.so
7ff13fdf3000-7ff13fdf4000 rw-p 00017000 08:03 535244                     /lib/x86_64-linux-gnu/libnsl-2.19.so
7ff13fdf4000-7ff13fdf6000 rw-p 00000000 00:00 0 
7ff13fdf6000-7ff13fdff000 r-xp 00000000 08:03 535195                     /lib/x86_64-linux-gnu/libnss_compat-2.19.so
7ff13fdff000-7ff13fffe000 ---p 00009000 08:03 535195                     /lib/x86_64-linux-gnu/libnss_compat-2.19.so
7ff13fffe000-7ff13ffff000 r--p 00008000 08:03 535195                     /lib/x86_64-linux-gnu/libnss_compat-2.19.so
7ff13ffff000-7ff140000000 rw-p 00009000 08:03 535195                     /lib/x86_64-linux-gnu/libnss_compat-2.19.so
7ff140000000-7ff140398000 rw-p 00000000 00:00 0 
7ff140398000-7ff144000000 ---p 00000000 00:00 0 
7ff144000000-7ff14400f000 r--s 000df000 08:03 1594568                    /home/abel/Android/Sdk/build-tools/23.0.3/lib/dx.jar
7ff14400f000-7ff144051000 rw-p 00000000 00:00 0 
7ff144051000-7ff144052000 ---p 00000000 00:00 0 
7ff144052000-7ff144152000 rw-p 00000000 00:00 0                          [stack:12687]
7ff144152000-7ff14417c000 r-xp 00000000 08:03 1709557                    /home/abel/jdk1.8.0_65/jre/lib/amd64/libjava.so
7ff14417c000-7ff14437c000 ---p 0002a000 08:03 1709557                    /home/abel/jdk1.8.0_65/jre/lib/amd64/libjava.so
7ff14437c000-7ff14437e000 rw-p 0002a000 08:03 1709557                    /home/abel/jdk1.8.0_65/jre/lib/amd64/libjava.so
7ff14437e000-7ff14438b000 r-xp 00000000 08:03 1709573                    /home/abel/jdk1.8.0_65/jre/lib/amd64/libverify.so
7ff14438b000-7ff14458b000 ---p 0000d000 08:03 1709573                    /home/abel/jdk1.8.0_65/jre/lib/amd64/libverify.so
7ff14458b000-7ff14458d000 rw-p 0000d000 08:03 1709573                    /home/abel/jdk1.8.0_65/jre/lib/amd64/libverify.so
7ff14458d000-7ff144594000 r-xp 00000000 08:03 538038                     /lib/x86_64-linux-gnu/librt-2.19.so
7ff144594000-7ff144793000 ---p 00007000 08:03 538038                     /lib/x86_64-linux-gnu/librt-2.19.so
7ff144793000-7ff144794000 r--p 00006000 08:03 538038                     /lib/x86_64-linux-gnu/librt-2.19.so
7ff144794000-7ff144795000 rw-p 00007000 08:03 538038                     /lib/x86_64-linux-gnu/librt-2.19.so
7ff144795000-7ff14489a000 r-xp 00000000 08:03 535079                     /lib/x86_64-linux-gnu/libm-2.19.so
7ff14489a000-7ff144a99000 ---p 00105000 08:03 535079                     /lib/x86_64-linux-gnu/libm-2.19.so
7ff144a99000-7ff144a9a000 r--p 00104000 08:03 535079                     /lib/x86_64-linux-gnu/libm-2.19.so
7ff144a9a000-7ff144a9b000 rw-p 00105000 08:03 535079                     /lib/x86_64-linux-gnu/libm-2.19.so
7ff144a9b000-7ff145759000 r-xp 00000000 08:03 1709595                    /home/abel/jdk1.8.0_65/jre/lib/amd64/server/libjvm.so
7ff145759000-7ff145958000 ---p 00cbe000 08:03 1709595                    /home/abel/jdk1.8.0_65/jre/lib/amd64/server/libjvm.so
7ff145958000-7ff145a30000 rw-p 00cbd000 08:03 1709595                    /home/abel/jdk1.8.0_65/jre/lib/amd64/server/libjvm.so
7ff145a30000-7ff145a75000 rw-p 00000000 00:00 0 
7ff145a75000-7ff145c2f000 r-xp 00000000 08:03 538039                     /lib/x86_64-linux-gnu/libc-2.19.so
7ff145c2f000-7ff145e2f000 ---p 001ba000 08:03 538039                     /lib/x86_64-linux-gnu/libc-2.19.so
7ff145e2f000-7ff145e33000 r--p 001ba000 08:03 538039                     /lib/x86_64-linux-gnu/libc-2.19.so
7ff145e33000-7ff145e35000 rw-p 001be000 08:03 538039                     /lib/x86_64-linux-gnu/libc-2.19.so
7ff145e35000-7ff145e3a000 rw-p 00000000 00:00 0 
7ff145e3a000-7ff145e3d000 r-xp 00000000 08:03 535192                     /lib/x86_64-linux-gnu/libdl-2.19.so
7ff145e3d000-7ff14603c000 ---p 00003000 08:03 535192                     /lib/x86_64-linux-gnu/libdl-2.19.so
7ff14603c000-7ff14603d000 r--p 00002000 08:03 535192                     /lib/x86_64-linux-gnu/libdl-2.19.so
7ff14603d000-7ff14603e000 rw-p 00003000 08:03 535192                     /lib/x86_64-linux-gnu/libdl-2.19.so
7ff14603e000-7ff146053000 r-xp 00000000 08:03 539757                     /home/abel/jdk1.8.0_65/lib/amd64/jli/libjli.so
7ff146053000-7ff146253000 ---p 00015000 08:03 539757                     /home/abel/jdk1.8.0_65/lib/amd64/jli/libjli.so
7ff146253000-7ff146254000 rw-p 00015000 08:03 539757                     /home/abel/jdk1.8.0_65/lib/amd64/jli/libjli.so
7ff146254000-7ff14626d000 r-xp 00000000 08:03 538029                     /lib/x86_64-linux-gnu/libpthread-2.19.so
7ff14626d000-7ff14646c000 ---p 00019000 08:03 538029                     /lib/x86_64-linux-gnu/libpthread-2.19.so
7ff14646c000-7ff14646d000 r--p 00018000 08:03 538029                     /lib/x86_64-linux-gnu/libpthread-2.19.so
7ff14646d000-7ff14646e000 rw-p 00019000 08:03 538029                     /lib/x86_64-linux-gnu/libpthread-2.19.so
7ff14646e000-7ff146472000 rw-p 00000000 00:00 0 
7ff146472000-7ff146495000 r-xp 00000000 08:03 538031                     /lib/x86_64-linux-gnu/ld-2.19.so
7ff14649a000-7ff14656c000 rw-p 00000000 00:00 0 
7ff14656c000-7ff14656f000 ---p 00000000 00:00 0 
7ff14656f000-7ff146671000 rw-p 00000000 00:00 0                          [stack:12682]
7ff146673000-7ff146688000 rw-p 00000000 00:00 0 
7ff146688000-7ff146690000 rw-s 00000000 08:03 1051940                    /tmp/hsperfdata_abel/12663
7ff146690000-7ff146691000 rw-p 00000000 00:00 0 
7ff146691000-7ff146692000 ---p 00000000 00:00 0 
7ff146692000-7ff146694000 rw-p 00000000 00:00 0 
7ff146694000-7ff146695000 r--p 00022000 08:03 538031                     /lib/x86_64-linux-gnu/ld-2.19.so
7ff146695000-7ff146696000 rw-p 00023000 08:03 538031                     /lib/x86_64-linux-gnu/ld-2.19.so
7ff146696000-7ff146697000 rw-p 00000000 00:00 0 
7fffc4d7d000-7fffc4d9e000 rw-p 00000000 00:00 0                          [stack]
7fffc4dfe000-7fffc4e00000 r-xp 00000000 00:00 0                          [vdso]
ffffffffff600000-ffffffffff601000 r-xp 00000000 00:00 0                  [vsyscall]

VM Arguments:
jvm_args: -Djava.awt.headless=true -Xmx1024M -Dfile.encoding=UTF-8 -Duser.country=MX -Duser.language=es -Duser.variant 
java_command: com.android.dx.command.Main --dex --num-threads=4 --output /home/abel/Escritorio/Radika/Samples/RadikaX/OpenGL/AirHockey1/app/build/intermediates/pre-dexed/debug/com.android.support-appcompat-v7-23.4.0_ba6fef01ab92399fb9665751557e48ca0b266fad.jar /home/abel/Escritorio/Radika/Samples/RadikaX/OpenGL/AirHockey1/app/build/intermediates/exploded-aar/com.android.support/appcompat-v7/23.4.0/jars/classes.jar
java_class_path (initial): /home/abel/Android/Sdk/build-tools/23.0.3/lib/dx.jar
Launcher Type: SUN_STANDARD

Environment Variables:
PATH=/usr/local/sbin:/usr/local/bin:/usr/sbin:/usr/bin:/sbin:/bin:/usr/games:/usr/local/games:/home/abel/jdk1.8.0_65/jre/bin:/home/abel/jdk1.8.0_65/bin
USERNAME=abel
LD_LIBRARY_PATH=.:
SHELL=/bin/bash
DISPLAY=:0.0

Signal Handlers:
SIGSEGV: [libjvm.so+0xaba070], sa_mask[0]=11111111011111111101111111111110, sa_flags=SA_RESTART|SA_SIGINFO
SIGBUS: [libjvm.so+0xaba070], sa_mask[0]=11111111011111111101111111111110, sa_flags=SA_RESTART|SA_SIGINFO
SIGFPE: [libjvm.so+0x917630], sa_mask[0]=11111111011111111101111111111110, sa_flags=SA_RESTART|SA_SIGINFO
SIGPIPE: [libjvm.so+0x917630], sa_mask[0]=11111111011111111101111111111110, sa_flags=SA_RESTART|SA_SIGINFO
SIGXFSZ: [libjvm.so+0x917630], sa_mask[0]=11111111011111111101111111111110, sa_flags=SA_RESTART|SA_SIGINFO
SIGILL: [libjvm.so+0x917630], sa_mask[0]=11111111011111111101111111111110, sa_flags=SA_RESTART|SA_SIGINFO
SIGUSR1: SIG_DFL, sa_mask[0]=00000000000000000000000000000000, sa_flags=none
SIGUSR2: [libjvm.so+0x918c60], sa_mask[0]=00100000000000000000000000000000, sa_flags=SA_RESTART|SA_SIGINFO
SIGHUP: [libjvm.so+0x91a060], sa_mask[0]=11111111011111111101111111111110, sa_flags=SA_RESTART|SA_SIGINFO
SIGINT: [libjvm.so+0x91a060], sa_mask[0]=11111111011111111101111111111110, sa_flags=SA_RESTART|SA_SIGINFO
SIGTERM: [libjvm.so+0x91a060], sa_mask[0]=11111111011111111101111111111110, sa_flags=SA_RESTART|SA_SIGINFO
SIGQUIT: [libjvm.so+0x91a060], sa_mask[0]=11111111011111111101111111111110, sa_flags=SA_RESTART|SA_SIGINFO


---------------  S Y S T E M  ---------------

OS:DISTRIB_ID=LinuxMint
DISTRIB_RELEASE=17.1
DISTRIB_CODENAME=rebecca
DISTRIB_DESCRIPTION="Linux Mint 17.1 Rebecca"

uname:Linux 3.13.0-37-generic #64-Ubuntu SMP Mon Sep 22 21:28:38 UTC 2014 x86_64
libc:glibc 2.19 NPTL 2.19 
rlimit: STACK 8192k, CORE 0k, NPROC 30418, NOFILE 4096, AS infinity
load average:5.78 1.99 0.87

/proc/meminfo:
MemTotal:        3924736 kB
MemFree:          106084 kB
Buffers:           11140 kB
Cached:           306876 kB
SwapCached:            0 kB
Active:          3372100 kB
Inactive:         259624 kB
Active(anon):    3319284 kB
Inactive(anon):   213740 kB
Active(file):      52816 kB
Inactive(file):    45884 kB
Unevictable:           0 kB
Mlocked:               0 kB
SwapTotal:             0 kB
SwapFree:              0 kB
Dirty:             11076 kB
Writeback:             0 kB
AnonPages:       3313784 kB
Mapped:           147804 kB
Shmem:            219332 kB
Slab:              72860 kB
SReclaimable:      34240 kB
SUnreclaim:        38620 kB
KernelStack:        5424 kB
PageTables:        38604 kB
NFS_Unstable:          0 kB
Bounce:                0 kB
WritebackTmp:          0 kB
CommitLimit:     1962368 kB
Committed_AS:    6955588 kB
VmallocTotal:   34359738367 kB
VmallocUsed:      346700 kB
VmallocChunk:   34359383516 kB
HardwareCorrupted:     0 kB
AnonHugePages:   1255424 kB
HugePages_Total:       0
HugePages_Free:        0
HugePages_Rsvd:        0
HugePages_Surp:        0
Hugepagesize:       2048 kB
DirectMap4k:       99792 kB
DirectMap2M:     3973120 kB


CPU:total 4 (2 cores per cpu, 2 threads per core) family 6 model 42 stepping 7, cmov, cx8, fxsr, mmx, sse, sse2, sse3, ssse3, sse4.1, sse4.2, popcnt, avx, aes, clmul, ht, tsc, tscinvbit

/proc/cpuinfo:
processor	: 0
vendor_id	: GenuineIntel
cpu family	: 6
model		: 42
model name	: Intel(R) Core(TM) i5-2520M CPU @ 2.50GHz
stepping	: 7
microcode	: 0x23
cpu MHz		: 2501.000
cache size	: 3072 KB
physical id	: 0
siblings	: 4
core id		: 0
cpu cores	: 2
apicid		: 0
initial apicid	: 0
fpu		: yes
fpu_exception	: yes
cpuid level	: 13
wp		: yes
flags		: fpu vme de pse tsc msr pae mce cx8 apic sep mtrr pge mca cmov pat pse36 clflush dts acpi mmx fxsr sse sse2 ss ht tm pbe syscall nx rdtscp lm constant_tsc arch_perfmon pebs bts rep_good nopl xtopology nonstop_tsc aperfmperf eagerfpu pni pclmulqdq dtes64 monitor ds_cpl vmx smx est tm2 ssse3 cx16 xtpr pdcm pcid sse4_1 sse4_2 x2apic popcnt tsc_deadline_timer aes xsave avx lahf_lm ida arat epb xsaveopt pln pts dtherm tpr_shadow vnmi flexpriority ept vpid
bogomips	: 4989.16
clflush size	: 64
cache_alignment	: 64
address sizes	: 36 bits physical, 48 bits virtual
power management:

processor	: 1
vendor_id	: GenuineIntel
cpu family	: 6
model		: 42
model name	: Intel(R) Core(TM) i5-2520M CPU @ 2.50GHz
stepping	: 7
microcode	: 0x23
cpu MHz		: 2501.000
cache size	: 3072 KB
physical id	: 0
siblings	: 4
core id		: 1
cpu cores	: 2
apicid		: 2
initial apicid	: 2
fpu		: yes
fpu_exception	: yes
cpuid level	: 13
wp		: yes
flags		: fpu vme de pse tsc msr pae mce cx8 apic sep mtrr pge mca cmov pat pse36 clflush dts acpi mmx fxsr sse sse2 ss ht tm pbe syscall nx rdtscp lm constant_tsc arch_perfmon pebs bts rep_good nopl xtopology nonstop_tsc aperfmperf eagerfpu pni pclmulqdq dtes64 monitor ds_cpl vmx smx est tm2 ssse3 cx16 xtpr pdcm pcid sse4_1 sse4_2 x2apic popcnt tsc_deadline_timer aes xsave avx lahf_lm ida arat epb xsaveopt pln pts dtherm tpr_shadow vnmi flexpriority ept vpid
bogomips	: 4989.16
clflush size	: 64
cache_alignment	: 64
address sizes	: 36 bits physical, 48 bits virtual
power management:

processor	: 2
vendor_id	: GenuineIntel
cpu family	: 6
model		: 42
model name	: Intel(R) Core(TM) i5-2520M CPU @ 2.50GHz
stepping	: 7
microcode	: 0x23
cpu MHz		: 2501.000
cache size	: 3072 KB
physical id	: 0
siblings	: 4
core id		: 0
cpu cores	: 2
apicid		: 1
initial apicid	: 1
fpu		: yes
fpu_exception	: yes
cpuid level	: 13
wp		: yes
flags		: fpu vme de pse tsc msr pae mce cx8 apic sep mtrr pge mca cmov pat pse36 clflush dts acpi mmx fxsr sse sse2 ss ht tm pbe syscall nx rdtscp lm constant_tsc arch_perfmon pebs bts rep_good nopl xtopology nonstop_tsc aperfmperf eagerfpu pni pclmulqdq dtes64 monitor ds_cpl vmx smx est tm2 ssse3 cx16 xtpr pdcm pcid sse4_1 sse4_2 x2apic popcnt tsc_deadline_timer aes xsave avx lahf_lm ida arat epb xsaveopt pln pts dtherm tpr_shadow vnmi flexpriority ept vpid
bogomips	: 4989.16
clflush size	: 64
cache_alignment	: 64
address sizes	: 36 bits physical, 48 bits virtual
power management:

processor	: 3
vendor_id	: GenuineIntel
cpu family	: 6
model		: 42
model name	: Intel(R) Core(TM) i5-2520M CPU @ 2.50GHz
stepping	: 7
microcode	: 0x23
cpu MHz		: 2501.000
cache size	: 3072 KB
physical id	: 0
siblings	: 4
core id		: 1
cpu cores	: 2
apicid		: 3
initial apicid	: 3
fpu		: yes
fpu_exception	: yes
cpuid level	: 13
wp		: yes
flags		: fpu vme de pse tsc msr pae mce cx8 apic sep mtrr pge mca cmov pat pse36 clflush dts acpi mmx fxsr sse sse2 ss ht tm pbe syscall nx rdtscp lm constant_tsc arch_perfmon pebs bts rep_good nopl xtopology nonstop_tsc aperfmperf eagerfpu pni pclmulqdq dtes64 monitor ds_cpl vmx smx est tm2 ssse3 cx16 xtpr pdcm pcid sse4_1 sse4_2 x2apic popcnt tsc_deadline_timer aes xsave avx lahf_lm ida arat epb xsaveopt pln pts dtherm tpr_shadow vnmi flexpriority ept vpid
bogomips	: 4989.16
clflush size	: 64
cache_alignment	: 64
address sizes	: 36 bits physical, 48 bits virtual
power management:



Memory: 4k page, physical 3924736k(106084k free), swap 0k(0k free)

vm_info: Java HotSpot(TM) 64-Bit Server VM (25.65-b01) for linux-amd64 JRE (1.8.0_65-b17), built on Oct  6 2015 17:16:12 by "java_re" with gcc 4.3.0 20080428 (Red Hat 4.3.0-8)

time: Fri Aug 19 13:34:13 2016
elapsed time: 7 seconds (0d 0h 0m 7s)

